[I 2026-08-11 01:46:31,677] Trial 99 finished with value: 0.0033728440888711295 and parameters: {'lr': 0.00249960352161222, 'weight_decay': 8.174308168689682e-05, 'dropout_rate': 0.05160272234546499, 'batch_size': 512}. Best is trial 51 with value: 0.0026884178309202512.

Best Trial Validation MSE: 0.00269
BATCH_SIZE = 512
LEARNING_RATE = 0.004087619969278517
WEIGHT_DECAY = 0.005154571056256761
DROPOUT_RATE = 0.054864862094957396
--------------------------------------------------
Saved config automatically to:
  - /Users/luca/Shared/Universita/Tesi/Code/NN-KPI-Predictor/models/complex_model/output/BIMP/best_params.json
  - /Users/luca/Shared/Universita/Tesi/Code/NN-KPI-Predictor/models/complex_model/best_params.json

Or run with environment variables:
export BATCH_SIZE=512 LEARNING_RATE=0.004087619969278517 WEIGHT_DECAY=0.005154571056256761 DROPOUT_RATE=0.054864862094957396
==================================================


[8/12] Training Hypertuned Complex Model (BIMP)...
Hyperparameters loaded for source 'BIMP': BATCH_SIZE=512, LEARNING_RATE=0.004087619969278517, WEIGHT_DECAY=0.005154571056256761, DROPOUT_RATE=0.054864862094957396
Loading dataset from source: BIMP
Dropped 30 unconverged rows (80411 remain).
Features: 13 | Targets: 3
--> Training on 64328 samples.
--> Testing on 16083 consistent samples.
Epoch [1/10000] | Train Loss: 0.1427 | Test Loss: 0.0552
   ↳ MedAE -> Cost: $1324.96 | Cycle Time: 204.8s | Wait Time: 306.0s
Epoch [5/10000] | Train Loss: 0.0481 | Test Loss: 0.0181
   ↳ MedAE -> Cost: $899.26 | Cycle Time: 164.4s | Wait Time: 256.2s
Epoch [10/10000] | Train Loss: 0.0343 | Test Loss: 0.0389
   ↳ MedAE -> Cost: $764.50 | Cycle Time: 138.3s | Wait Time: 240.5s
Epoch [15/10000] | Train Loss: 0.0239 | Test Loss: 0.0054
   ↳ MedAE -> Cost: $599.29 | Cycle Time: 107.8s | Wait Time: 191.8s
Epoch [20/10000] | Train Loss: 0.0187 | Test Loss: 0.0055
   ↳ MedAE -> Cost: $640.64 | Cycle Time: 122.0s | Wait Time: 207.9s
Epoch [25/10000] | Train Loss: 0.0182 | Test Loss: 0.0075
   ↳ MedAE -> Cost: $628.07 | Cycle Time: 108.4s | Wait Time: 198.0s
Epoch [30/10000] | Train Loss: 0.0207 | Test Loss: 0.0088
   ↳ MedAE -> Cost: $657.12 | Cycle Time: 141.8s | Wait Time: 228.1s
Epoch [35/10000] | Train Loss: 0.0154 | Test Loss: 0.0042
   ↳ MedAE -> Cost: $486.64 | Cycle Time: 109.9s | Wait Time: 192.7s
Epoch [40/10000] | Train Loss: 0.0123 | Test Loss: 0.0038
   ↳ MedAE -> Cost: $537.88 | Cycle Time: 109.6s | Wait Time: 191.0s
Epoch [45/10000] | Train Loss: 0.0117 | Test Loss: 0.0041
   ↳ MedAE -> Cost: $548.54 | Cycle Time: 111.2s | Wait Time: 193.2s
Epoch [50/10000] | Train Loss: 0.0112 | Test Loss: 0.0038
   ↳ MedAE -> Cost: $565.96 | Cycle Time: 100.7s | Wait Time: 184.3s
Epoch [55/10000] | Train Loss: 0.0139 | Test Loss: 0.0085
   ↳ MedAE -> Cost: $779.72 | Cycle Time: 110.0s | Wait Time: 194.4s
Epoch [60/10000] | Train Loss: 0.0112 | Test Loss: 0.0050
   ↳ MedAE -> Cost: $711.12 | Cycle Time: 112.7s | Wait Time: 187.6s
Epoch [65/10000] | Train Loss: 0.0115 | Test Loss: 0.0034
   ↳ MedAE -> Cost: $541.10 | Cycle Time: 104.7s | Wait Time: 192.1s
Epoch [70/10000] | Train Loss: 0.0139 | Test Loss: 0.0041
   ↳ MedAE -> Cost: $423.67 | Cycle Time: 111.5s | Wait Time: 186.5s
Epoch [75/10000] | Train Loss: 0.0114 | Test Loss: 0.0053
   ↳ MedAE -> Cost: $576.52 | Cycle Time: 134.4s | Wait Time: 220.3s
Epoch [80/10000] | Train Loss: 0.0116 | Test Loss: 0.0046
   ↳ MedAE -> Cost: $495.95 | Cycle Time: 102.4s | Wait Time: 185.5s
Epoch [85/10000] | Train Loss: 0.0116 | Test Loss: 0.0040
   ↳ MedAE -> Cost: $1101.25 | Cycle Time: 110.1s | Wait Time: 191.4s
Epoch [90/10000] | Train Loss: 0.0106 | Test Loss: 0.0037
   ↳ MedAE -> Cost: $733.40 | Cycle Time: 105.8s | Wait Time: 187.7s
Epoch [95/10000] | Train Loss: 0.0098 | Test Loss: 0.0057
   ↳ MedAE -> Cost: $547.72 | Cycle Time: 104.7s | Wait Time: 190.7s
Epoch [100/10000] | Train Loss: 0.0105 | Test Loss: 0.0037
   ↳ MedAE -> Cost: $436.55 | Cycle Time: 109.3s | Wait Time: 189.6s
Epoch [105/10000] | Train Loss: 0.0099 | Test Loss: 0.0030
   ↳ MedAE -> Cost: $412.82 | Cycle Time: 104.0s | Wait Time: 185.4s
Epoch [110/10000] | Train Loss: 0.0094 | Test Loss: 0.0038
   ↳ MedAE -> Cost: $386.09 | Cycle Time: 107.1s | Wait Time: 187.1s
Epoch [115/10000] | Train Loss: 0.0097 | Test Loss: 0.0049
   ↳ MedAE -> Cost: $482.99 | Cycle Time: 101.9s | Wait Time: 181.3s
Epoch [120/10000] | Train Loss: 0.0094 | Test Loss: 0.0025
   ↳ MedAE -> Cost: $336.24 | Cycle Time: 98.8s | Wait Time: 179.4s
Epoch [125/10000] | Train Loss: 0.0087 | Test Loss: 0.0039
   ↳ MedAE -> Cost: $486.99 | Cycle Time: 108.6s | Wait Time: 194.2s
Epoch [130/10000] | Train Loss: 0.0107 | Test Loss: 0.0040
   ↳ MedAE -> Cost: $506.61 | Cycle Time: 117.3s | Wait Time: 189.3s
Epoch [135/10000] | Train Loss: 0.0087 | Test Loss: 0.0034
   ↳ MedAE -> Cost: $451.92 | Cycle Time: 101.0s | Wait Time: 187.4s
Epoch [140/10000] | Train Loss: 0.0090 | Test Loss: 0.0038
   ↳ MedAE -> Cost: $914.51 | Cycle Time: 109.7s | Wait Time: 189.6s
Epoch [145/10000] | Train Loss: 0.0104 | Test Loss: 0.0037
   ↳ MedAE -> Cost: $436.66 | Cycle Time: 113.7s | Wait Time: 199.0s
Epoch [150/10000] | Train Loss: 0.0080 | Test Loss: 0.0038
   ↳ MedAE -> Cost: $932.42 | Cycle Time: 108.7s | Wait Time: 182.9s
Epoch [155/10000] | Train Loss: 0.0084 | Test Loss: 0.0032
   ↳ MedAE -> Cost: $495.68 | Cycle Time: 98.2s | Wait Time: 180.0s
Epoch [160/10000] | Train Loss: 0.0076 | Test Loss: 0.0041
   ↳ MedAE -> Cost: $1071.29 | Cycle Time: 97.6s | Wait Time: 180.1s
Epoch [165/10000] | Train Loss: 0.0076 | Test Loss: 0.0035
   ↳ MedAE -> Cost: $501.66 | Cycle Time: 98.0s | Wait Time: 180.8s
Epoch [170/10000] | Train Loss: 0.0084 | Test Loss: 0.0032
   ↳ MedAE -> Cost: $606.42 | Cycle Time: 109.3s | Wait Time: 185.4s
Epoch [175/10000] | Train Loss: 0.0078 | Test Loss: 0.0025
   ↳ MedAE -> Cost: $296.24 | Cycle Time: 98.7s | Wait Time: 176.5s
Epoch [180/10000] | Train Loss: 0.0082 | Test Loss: 0.0041
   ↳ MedAE -> Cost: $646.46 | Cycle Time: 105.3s | Wait Time: 188.0s
Epoch [185/10000] | Train Loss: 0.0076 | Test Loss: 0.0037
   ↳ MedAE -> Cost: $600.32 | Cycle Time: 116.9s | Wait Time: 200.6s
Epoch [190/10000] | Train Loss: 0.0074 | Test Loss: 0.0026
   ↳ MedAE -> Cost: $325.10 | Cycle Time: 98.5s | Wait Time: 177.9s
Epoch [195/10000] | Train Loss: 0.0074 | Test Loss: 0.0031
   ↳ MedAE -> Cost: $522.86 | Cycle Time: 97.4s | Wait Time: 178.1s
Epoch [200/10000] | Train Loss: 0.0075 | Test Loss: 0.0030
   ↳ MedAE -> Cost: $358.14 | Cycle Time: 98.4s | Wait Time: 178.8s
Epoch [205/10000] | Train Loss: 0.0074 | Test Loss: 0.0030
   ↳ MedAE -> Cost: $375.35 | Cycle Time: 101.8s | Wait Time: 185.8s
Epoch [210/10000] | Train Loss: 0.0076 | Test Loss: 0.0028
   ↳ MedAE -> Cost: $400.76 | Cycle Time: 99.6s | Wait Time: 188.7s
Epoch [215/10000] | Train Loss: 0.0077 | Test Loss: 0.0037
   ↳ MedAE -> Cost: $315.11 | Cycle Time: 99.5s | Wait Time: 183.1s
Epoch [220/10000] | Train Loss: 0.0078 | Test Loss: 0.0026
   ↳ MedAE -> Cost: $576.60 | Cycle Time: 94.6s | Wait Time: 176.0s
Epoch [225/10000] | Train Loss: 0.0082 | Test Loss: 0.0031
   ↳ MedAE -> Cost: $310.97 | Cycle Time: 99.8s | Wait Time: 181.5s
Epoch [230/10000] | Train Loss: 0.0073 | Test Loss: 0.0036
   ↳ MedAE -> Cost: $303.19 | Cycle Time: 96.0s | Wait Time: 178.9s
Epoch [235/10000] | Train Loss: 0.0074 | Test Loss: 0.0080
   ↳ MedAE -> Cost: $690.85 | Cycle Time: 119.1s | Wait Time: 211.5s
Epoch [240/10000] | Train Loss: 0.0072 | Test Loss: 0.0027
   ↳ MedAE -> Cost: $304.00 | Cycle Time: 97.1s | Wait Time: 178.3s
Epoch [245/10000] | Train Loss: 0.0083 | Test Loss: 0.0028
   ↳ MedAE -> Cost: $506.72 | Cycle Time: 99.7s | Wait Time: 180.4s
Epoch [250/10000] | Train Loss: 0.0078 | Test Loss: 0.0030
   ↳ MedAE -> Cost: $588.64 | Cycle Time: 102.8s | Wait Time: 186.7s
Epoch [255/10000] | Train Loss: 0.0070 | Test Loss: 0.0034
   ↳ MedAE -> Cost: $421.40 | Cycle Time: 100.9s | Wait Time: 178.5s
Epoch [260/10000] | Train Loss: 0.0081 | Test Loss: 0.0025
   ↳ MedAE -> Cost: $343.94 | Cycle Time: 96.0s | Wait Time: 178.9s
Epoch [265/10000] | Train Loss: 0.0078 | Test Loss: 0.0024
   ↳ MedAE -> Cost: $352.04 | Cycle Time: 98.0s | Wait Time: 176.5s
Epoch [270/10000] | Train Loss: 0.0083 | Test Loss: 0.0032
   ↳ MedAE -> Cost: $418.69 | Cycle Time: 100.0s | Wait Time: 183.0s
Epoch [275/10000] | Train Loss: 0.0064 | Test Loss: 0.0031
   ↳ MedAE -> Cost: $373.01 | Cycle Time: 94.9s | Wait Time: 178.0s
Epoch [280/10000] | Train Loss: 0.0098 | Test Loss: 0.0033
   ↳ MedAE -> Cost: $471.13 | Cycle Time: 106.6s | Wait Time: 185.9s
Epoch [285/10000] | Train Loss: 0.0078 | Test Loss: 0.0035
   ↳ MedAE -> Cost: $530.54 | Cycle Time: 98.7s | Wait Time: 182.2s
Epoch [290/10000] | Train Loss: 0.0078 | Test Loss: 0.0033
   ↳ MedAE -> Cost: $699.19 | Cycle Time: 100.9s | Wait Time: 184.1s
Epoch [295/10000] | Train Loss: 0.0065 | Test Loss: 0.0052
   ↳ MedAE -> Cost: $458.16 | Cycle Time: 115.0s | Wait Time: 200.2s
Epoch [300/10000] | Train Loss: 0.0087 | Test Loss: 0.0034
   ↳ MedAE -> Cost: $619.01 | Cycle Time: 98.9s | Wait Time: 181.7s
Epoch [305/10000] | Train Loss: 0.0070 | Test Loss: 0.0025
   ↳ MedAE -> Cost: $349.46 | Cycle Time: 94.6s | Wait Time: 175.3s
Epoch [310/10000] | Train Loss: 0.0075 | Test Loss: 0.0026
   ↳ MedAE -> Cost: $309.80 | Cycle Time: 105.6s | Wait Time: 190.9s
Epoch [315/10000] | Train Loss: 0.0083 | Test Loss: 0.0027
   ↳ MedAE -> Cost: $498.77 | Cycle Time: 95.7s | Wait Time: 178.5s
Epoch [320/10000] | Train Loss: 0.0073 | Test Loss: 0.0036
   ↳ MedAE -> Cost: $291.54 | Cycle Time: 109.6s | Wait Time: 188.4s
Epoch [325/10000] | Train Loss: 0.0084 | Test Loss: 0.0043
   ↳ MedAE -> Cost: $416.50 | Cycle Time: 104.2s | Wait Time: 191.9s
Epoch [330/10000] | Train Loss: 0.0075 | Test Loss: 0.0030
   ↳ MedAE -> Cost: $287.10 | Cycle Time: 100.4s | Wait Time: 186.8s
Epoch [335/10000] | Train Loss: 0.0067 | Test Loss: 0.0036
   ↳ MedAE -> Cost: $361.24 | Cycle Time: 97.8s | Wait Time: 183.7s
Epoch [340/10000] | Train Loss: 0.0069 | Test Loss: 0.0026
   ↳ MedAE -> Cost: $443.61 | Cycle Time: 93.3s | Wait Time: 173.9s
Epoch [345/10000] | Train Loss: 0.0076 | Test Loss: 0.0035
   ↳ MedAE -> Cost: $335.52 | Cycle Time: 108.6s | Wait Time: 192.7s
Epoch [350/10000] | Train Loss: 0.0079 | Test Loss: 0.0034
   ↳ MedAE -> Cost: $410.91 | Cycle Time: 102.2s | Wait Time: 186.8s
Epoch [355/10000] | Train Loss: 0.0073 | Test Loss: 0.0025
   ↳ MedAE -> Cost: $488.44 | Cycle Time: 95.7s | Wait Time: 177.2s
Epoch [360/10000] | Train Loss: 0.0067 | Test Loss: 0.0029
   ↳ MedAE -> Cost: $658.39 | Cycle Time: 96.8s | Wait Time: 177.4s
Epoch [365/10000] | Train Loss: 0.0080 | Test Loss: 0.0044
   ↳ MedAE -> Cost: $443.05 | Cycle Time: 103.9s | Wait Time: 191.0s
Epoch [370/10000] | Train Loss: 0.0077 | Test Loss: 0.0028
   ↳ MedAE -> Cost: $450.05 | Cycle Time: 97.6s | Wait Time: 178.6s
Epoch [375/10000] | Train Loss: 0.0068 | Test Loss: 0.0024
   ↳ MedAE -> Cost: $348.08 | Cycle Time: 94.5s | Wait Time: 176.2s
Epoch [380/10000] | Train Loss: 0.0070 | Test Loss: 0.0031
   ↳ MedAE -> Cost: $542.64 | Cycle Time: 97.1s | Wait Time: 179.6s
Epoch [385/10000] | Train Loss: 0.0072 | Test Loss: 0.0028
   ↳ MedAE -> Cost: $598.50 | Cycle Time: 99.2s | Wait Time: 181.9s
Epoch [390/10000] | Train Loss: 0.0067 | Test Loss: 0.0026
   ↳ MedAE -> Cost: $326.83 | Cycle Time: 100.8s | Wait Time: 183.8s
Epoch [395/10000] | Train Loss: 0.0068 | Test Loss: 0.0030
   ↳ MedAE -> Cost: $591.55 | Cycle Time: 95.7s | Wait Time: 177.7s
Epoch [400/10000] | Train Loss: 0.0078 | Test Loss: 0.0029
   ↳ MedAE -> Cost: $501.22 | Cycle Time: 96.0s | Wait Time: 177.5s
Epoch [405/10000] | Train Loss: 0.0074 | Test Loss: 0.0033
   ↳ MedAE -> Cost: $357.07 | Cycle Time: 100.0s | Wait Time: 187.3s
Epoch [410/10000] | Train Loss: 0.0073 | Test Loss: 0.0029
   ↳ MedAE -> Cost: $530.02 | Cycle Time: 97.1s | Wait Time: 178.6s
Epoch [415/10000] | Train Loss: 0.0060 | Test Loss: 0.0028
   ↳ MedAE -> Cost: $568.87 | Cycle Time: 96.5s | Wait Time: 177.1s
Epoch [420/10000] | Train Loss: 0.0068 | Test Loss: 0.0032
   ↳ MedAE -> Cost: $387.72 | Cycle Time: 96.0s | Wait Time: 181.7s
Epoch [425/10000] | Train Loss: 0.0067 | Test Loss: 0.0029
   ↳ MedAE -> Cost: $420.47 | Cycle Time: 97.9s | Wait Time: 179.1s

Early stopping triggered at Epoch 426!
Training finished in 581.74s.

Evaluating BEST model for JSON export...
Exported metrics to models/output/metrics_complex_nn.json

[9/12] Hypertuning Deep Network (synthetic)...
[I 2026-08-11 01:56:18,882] A new study created in memory with name: no-name-3306f102-2211-4b68-a5ea-1ec5c92a34bc
[I 2026-08-11 02:35:51,561] Trial 0 finished with value: 0.004204292604438899 and parameters: {'lr': 0.00011844319751820405, 'weight_decay': 0.007969454818643935, 'dropout_rate': 0.3829984854528513, 'batch_size': 128, 'hidden_dim': 256, 'num_blocks': 7}. Best is trial 0 with value: 0.004204292604438899.
[I 2026-08-11 02:40:40,263] Trial 1 finished with value: 0.021576985861044347 and parameters: {'lr': 5.242693862597316e-05, 'weight_decay': 0.008706020878304856, 'dropout_rate': 0.40811066020010545, 'batch_size': 1024, 'hidden_dim': 256, 'num_blocks': 5}. Best is trial 0 with value: 0.004204292604438899.
[I 2026-08-11 02:49:04,208] Trial 2 finished with value: 0.004881643908807188 and parameters: {'lr': 0.00020456102872218944, 'weight_decay': 0.00019010245319870352, 'dropout_rate': 0.27303616213380455, 'batch_size': 512, 'hidden_dim': 512, 'num_blocks': 4}. Best is trial 0 with value: 0.004204292604438899.
[I 2026-08-11 03:08:38,319] Trial 3 finished with value: 0.00356702446397486 and parameters: {'lr': 0.0002025418890664836, 'weight_decay': 0.00021930485556643703, 'dropout_rate': 0.2162628982463199, 'batch_size': 256, 'hidden_dim': 512, 'num_blocks': 6}. Best is trial 3 with value: 0.00356702446397486.
[I 2026-08-11 03:39:33,762] Trial 4 finished with value: 0.004107851677772142 and parameters: {'lr': 6.622290670049676e-05, 'weight_decay': 0.0009780337016659412, 'dropout_rate': 0.2085971302788046, 'batch_size': 128, 'hidden_dim': 512, 'num_blocks': 4}. Best is trial 3 with value: 0.00356702446397486.
[I 2026-08-11 03:40:06,133] Trial 5 pruned. 
[I 2026-08-11 03:40:42,576] Trial 6 pruned. 
[I 2026-08-11 04:11:41,112] Trial 7 finished with value: 0.0034434633211369273 and parameters: {'lr': 0.00029594756677318233, 'weight_decay': 0.00024970737145052745, 'dropout_rate': 0.2013805292809006, 'batch_size': 128, 'hidden_dim': 512, 'num_blocks': 4}. Best is trial 7 with value: 0.0034434633211369273.
[I 2026-08-11 04:12:02,474] Trial 8 pruned. 
[I 2026-08-11 04:12:50,237] Trial 9 pruned. 
[I 2026-08-11 04:59:47,839] Trial 10 finished with value: 0.0031787495806205658 and parameters: {'lr': 0.00026069474240583197, 'weight_decay': 0.00010280029617905622, 'dropout_rate': 0.32950929112362876, 'batch_size': 128, 'hidden_dim': 512, 'num_blocks': 8}. Best is trial 10 with value: 0.0031787495806205658.
[I 2026-08-11 05:02:27,606] Trial 11 pruned. 
[I 2026-08-11 05:05:02,844] Trial 12 pruned. 
[I 2026-08-11 05:07:46,541] Trial 13 pruned. 
[I 2026-08-11 05:10:06,983] Trial 14 pruned. 
[I 2026-08-11 05:49:13,362] Trial 15 finished with value: 0.00317967876322457 and parameters: {'lr': 0.0004992665188813598, 'weight_decay': 0.00020818984688409883, 'dropout_rate': 0.2504873774302143, 'batch_size': 128, 'hidden_dim': 512, 'num_blocks': 6}. Best is trial 10 with value: 0.0031787495806205658.
[I 2026-08-11 06:28:17,002] Trial 16 finished with value: 0.003137797748599404 and parameters: {'lr': 0.00048377944093147025, 'weight_decay': 0.00015116459039077416, 'dropout_rate': 0.24631493484602113, 'batch_size': 128, 'hidden_dim': 512, 'num_blocks': 6}. Best is trial 16 with value: 0.003137797748599404.
[I 2026-08-11 06:31:38,547] Trial 17 pruned. 
[I 2026-08-11 06:32:00,761] Trial 18 pruned. 
[I 2026-08-11 06:34:36,843] Trial 19 pruned. 
[I 2026-08-11 07:21:28,323] Trial 20 finished with value: 0.0031414245342746795 and parameters: {'lr': 0.00039343798915216584, 'weight_decay': 0.00035822844241745184, 'dropout_rate': 0.3623944769345241, 'batch_size': 128, 'hidden_dim': 512, 'num_blocks': 8}. Best is trial 16 with value: 0.003137797748599404.
[I 2026-08-11 08:08:19,955] Trial 21 finished with value: 0.0030572985082594722 and parameters: {'lr': 0.0004081700050591622, 'weight_decay': 0.0003322200733750523, 'dropout_rate': 0.3627522081472127, 'batch_size': 128, 'hidden_dim': 512, 'num_blocks': 8}. Best is trial 21 with value: 0.0030572985082594722.
[I 2026-08-11 08:55:09,684] Trial 22 finished with value: 0.003180645444220211 and parameters: {'lr': 0.000404281323743043, 'weight_decay': 0.0003373966241651292, 'dropout_rate': 0.3593543045989167, 'batch_size': 128, 'hidden_dim': 512, 'num_blocks': 8}. Best is trial 21 with value: 0.0030572985082594722.
[I 2026-08-11 09:38:10,502] Trial 23 finished with value: 0.003183495523362026 and parameters: {'lr': 0.0004285162168144756, 'weight_decay': 0.0007176524586659393, 'dropout_rate': 0.36711092708262005, 'batch_size': 128, 'hidden_dim': 512, 'num_blocks': 7}. Best is trial 21 with value: 0.0030572985082594722.
[I 2026-08-11 09:41:08,874] Trial 24 pruned. 
[I 2026-08-11 10:24:10,757] Trial 25 finished with value: 0.0031037738660267588 and parameters: {'lr': 0.00032892889761204397, 'weight_decay': 0.0010855123662302567, 'dropout_rate': 0.3057548126970177, 'batch_size': 128, 'hidden_dim': 512, 'num_blocks': 7}. Best is trial 21 with value: 0.0030572985082594722.
[I 2026-08-11 10:25:16,570] Trial 26 pruned. 
[I 2026-08-11 10:26:28,037] Trial 27 pruned. 
[I 2026-08-11 10:27:05,517] Trial 28 pruned. 
[I 2026-08-11 10:29:22,677] Trial 29 pruned. 
[I 2026-08-11 10:31:40,109] Trial 30 pruned. 
[I 2026-08-11 10:41:13,327] Trial 31 pruned. 
[I 2026-08-11 10:53:35,099] Trial 32 pruned. 
[I 2026-08-11 11:12:37,496] Trial 33 pruned. 
[I 2026-08-11 11:15:21,078] Trial 34 pruned. 
[I 2026-08-11 11:15:45,313] Trial 35 pruned. 
[I 2026-08-11 11:16:18,970] Trial 36 pruned. 
[I 2026-08-11 11:18:58,681] Trial 37 pruned. 
[I 2026-08-11 11:22:33,826] Trial 38 pruned. 
[I 2026-08-11 11:23:01,080] Trial 39 pruned. 
[I 2026-08-11 11:25:18,286] Trial 40 pruned. 
[I 2026-08-11 11:27:57,759] Trial 41 pruned. 
[I 2026-08-11 11:30:55,911] Trial 42 pruned. 
[I 2026-08-11 11:37:40,211] Trial 43 pruned. 
[I 2026-08-11 11:50:39,283] Trial 44 pruned. 
[I 2026-08-11 11:53:47,145] Trial 45 pruned. 
