[I 2026-08-11 23:20:27,878] Trial 14 finished with value: 0.0016794506381630923 and parameters: {'lr': 0.00048579900273822434, 'weight_decay': 0.0006694653933471387, 'dropout_rate': 0.25754766509043503, 'batch_size': 128, 'hidden_dim': 512, 'num_blocks': 7}. Best is trial 14 with value: 0.0016794506381630923.

Best Trial Validation MSE: 0.00168

==================================================
🚀 HYPERPARAMETERS TUNED & AUTOMATICALLY LINKED!
==================================================
BATCH_SIZE = 128
LEARNING_RATE = 0.00048579900273822434
WEIGHT_DECAY = 0.0006694653933471387
HIDDEN_DIM = 512
NUM_BLOCKS = 7
DROPOUT_RATE = 0.25754766509043503
--------------------------------------------------
Saved config automatically to:
  - /Users/luca/Shared/Universita/Tesi/Code/NN-KPI-Predictor/models/deep_network/output/BIMP/best_params.json
  - /Users/luca/Shared/Universita/Tesi/Code/NN-KPI-Predictor/models/deep_network/best_params.json

Or run with environment variables:
export BATCH_SIZE=128 LEARNING_RATE=0.00048579900273822434 WEIGHT_DECAY=0.0006694653933471387 HIDDEN_DIM=512 NUM_BLOCKS=7 DROPOUT_RATE=0.25754766509043503
==================================================


[12/12] Training Hypertuned Deep Network (BIMP)...
Hyperparameters loaded for source 'BIMP': BATCH_SIZE=128, LEARNING_RATE=0.00048579900273822434, WEIGHT_DECAY=0.0006694653933471387, HIDDEN_DIM=512, NUM_BLOCKS=7, DROPOUT_RATE=0.25754766509043503
Loading dataset from source: BIMP
Dropped 30 unconverged rows (80411 remain).
Features: 13 | Targets: 3
--> Training on 64328 samples.
--> Testing on 16083 consistent samples.
Epoch [1/10000] | Train Loss: 0.1751 | Test Loss: 0.0564
   ↳ MedAE -> Cost: $1465.14 | Cycle Time: 194.4s | Wait Time: 327.7s
Epoch [5/10000] | Train Loss: 0.0288 | Test Loss: 0.0213
   ↳ MedAE -> Cost: $813.54 | Cycle Time: 153.8s | Wait Time: 260.5s
Epoch [10/10000] | Train Loss: 0.0185 | Test Loss: 0.0170
   ↳ MedAE -> Cost: $1743.91 | Cycle Time: 142.1s | Wait Time: 233.0s
Epoch [15/10000] | Train Loss: 0.0146 | Test Loss: 0.0097
   ↳ MedAE -> Cost: $694.45 | Cycle Time: 161.6s | Wait Time: 220.8s
Epoch [20/10000] | Train Loss: 0.0122 | Test Loss: 0.0114
   ↳ MedAE -> Cost: $472.51 | Cycle Time: 139.9s | Wait Time: 247.2s
Epoch [25/10000] | Train Loss: 0.0094 | Test Loss: 0.0068
   ↳ MedAE -> Cost: $486.43 | Cycle Time: 113.1s | Wait Time: 200.0s
Epoch [30/10000] | Train Loss: 0.0075 | Test Loss: 0.0062
   ↳ MedAE -> Cost: $839.58 | Cycle Time: 126.1s | Wait Time: 214.7s
Epoch [35/10000] | Train Loss: 0.0069 | Test Loss: 0.0051
   ↳ MedAE -> Cost: $500.06 | Cycle Time: 102.9s | Wait Time: 193.0s
Epoch [40/10000] | Train Loss: 0.0062 | Test Loss: 0.0055
   ↳ MedAE -> Cost: $421.84 | Cycle Time: 109.4s | Wait Time: 205.4s
Epoch [45/10000] | Train Loss: 0.0056 | Test Loss: 0.0049
   ↳ MedAE -> Cost: $480.37 | Cycle Time: 114.4s | Wait Time: 192.3s
Epoch [50/10000] | Train Loss: 0.0055 | Test Loss: 0.0031
   ↳ MedAE -> Cost: $354.74 | Cycle Time: 102.1s | Wait Time: 180.9s
Epoch [55/10000] | Train Loss: 0.0043 | Test Loss: 0.0039
   ↳ MedAE -> Cost: $549.08 | Cycle Time: 101.4s | Wait Time: 184.3s
Epoch [60/10000] | Train Loss: 0.0038 | Test Loss: 0.0035
   ↳ MedAE -> Cost: $531.82 | Cycle Time: 99.6s | Wait Time: 184.9s
Epoch [65/10000] | Train Loss: 0.0037 | Test Loss: 0.0030
   ↳ MedAE -> Cost: $294.77 | Cycle Time: 98.2s | Wait Time: 181.8s
Epoch [70/10000] | Train Loss: 0.0036 | Test Loss: 0.0036
   ↳ MedAE -> Cost: $299.23 | Cycle Time: 94.1s | Wait Time: 179.5s
Epoch [75/10000] | Train Loss: 0.0035 | Test Loss: 0.0033
   ↳ MedAE -> Cost: $691.38 | Cycle Time: 97.3s | Wait Time: 181.1s
Epoch [80/10000] | Train Loss: 0.0032 | Test Loss: 0.0025
   ↳ MedAE -> Cost: $400.29 | Cycle Time: 94.1s | Wait Time: 177.5s
Epoch [85/10000] | Train Loss: 0.0029 | Test Loss: 0.0028
   ↳ MedAE -> Cost: $463.33 | Cycle Time: 97.1s | Wait Time: 189.0s
Epoch [90/10000] | Train Loss: 0.0030 | Test Loss: 0.0026
   ↳ MedAE -> Cost: $399.36 | Cycle Time: 96.2s | Wait Time: 184.6s
Epoch [95/10000] | Train Loss: 0.0029 | Test Loss: 0.0025
   ↳ MedAE -> Cost: $253.69 | Cycle Time: 93.0s | Wait Time: 174.0s
Epoch [100/10000] | Train Loss: 0.0027 | Test Loss: 0.0029
   ↳ MedAE -> Cost: $403.63 | Cycle Time: 95.2s | Wait Time: 179.0s
Epoch [105/10000] | Train Loss: 0.0026 | Test Loss: 0.0024
   ↳ MedAE -> Cost: $274.76 | Cycle Time: 92.5s | Wait Time: 175.7s
Epoch [110/10000] | Train Loss: 0.0027 | Test Loss: 0.0025
   ↳ MedAE -> Cost: $366.37 | Cycle Time: 100.2s | Wait Time: 180.0s
Epoch [115/10000] | Train Loss: 0.0027 | Test Loss: 0.0032
   ↳ MedAE -> Cost: $254.65 | Cycle Time: 95.7s | Wait Time: 178.8s
Epoch [120/10000] | Train Loss: 0.0024 | Test Loss: 0.0025
   ↳ MedAE -> Cost: $280.55 | Cycle Time: 92.0s | Wait Time: 175.4s
Epoch [125/10000] | Train Loss: 0.0026 | Test Loss: 0.0025
   ↳ MedAE -> Cost: $265.68 | Cycle Time: 91.2s | Wait Time: 172.8s
Epoch [130/10000] | Train Loss: 0.0023 | Test Loss: 0.0023
   ↳ MedAE -> Cost: $227.37 | Cycle Time: 93.2s | Wait Time: 174.4s
Epoch [135/10000] | Train Loss: 0.0024 | Test Loss: 0.0023
   ↳ MedAE -> Cost: $287.25 | Cycle Time: 93.3s | Wait Time: 176.3s
Epoch [140/10000] | Train Loss: 0.0022 | Test Loss: 0.0022
   ↳ MedAE -> Cost: $223.84 | Cycle Time: 91.4s | Wait Time: 172.3s
Epoch [145/10000] | Train Loss: 0.0023 | Test Loss: 0.0022
   ↳ MedAE -> Cost: $239.15 | Cycle Time: 93.0s | Wait Time: 175.7s
Epoch [150/10000] | Train Loss: 0.0022 | Test Loss: 0.0020
   ↳ MedAE -> Cost: $244.11 | Cycle Time: 91.2s | Wait Time: 170.5s
Epoch [155/10000] | Train Loss: 0.0034 | Test Loss: 0.0022
   ↳ MedAE -> Cost: $250.22 | Cycle Time: 94.4s | Wait Time: 175.5s
Epoch [160/10000] | Train Loss: 0.0021 | Test Loss: 0.0026
   ↳ MedAE -> Cost: $254.43 | Cycle Time: 91.5s | Wait Time: 172.3s
Epoch [165/10000] | Train Loss: 0.0021 | Test Loss: 0.0027
   ↳ MedAE -> Cost: $349.73 | Cycle Time: 92.6s | Wait Time: 178.9s
Epoch [170/10000] | Train Loss: 0.0021 | Test Loss: 0.0022
   ↳ MedAE -> Cost: $323.28 | Cycle Time: 89.9s | Wait Time: 170.6s
Epoch [175/10000] | Train Loss: 0.0021 | Test Loss: 0.0021
   ↳ MedAE -> Cost: $257.67 | Cycle Time: 89.6s | Wait Time: 170.8s
Epoch [180/10000] | Train Loss: 0.0019 | Test Loss: 0.0021
   ↳ MedAE -> Cost: $317.52 | Cycle Time: 91.5s | Wait Time: 171.0s
Epoch [185/10000] | Train Loss: 0.0021 | Test Loss: 0.0021
   ↳ MedAE -> Cost: $256.41 | Cycle Time: 90.7s | Wait Time: 172.3s
Epoch [190/10000] | Train Loss: 0.0019 | Test Loss: 0.0025
   ↳ MedAE -> Cost: $271.51 | Cycle Time: 91.9s | Wait Time: 174.2s
Epoch [195/10000] | Train Loss: 0.0021 | Test Loss: 0.0020
   ↳ MedAE -> Cost: $203.55 | Cycle Time: 90.7s | Wait Time: 170.9s
Epoch [200/10000] | Train Loss: 0.0019 | Test Loss: 0.0027
   ↳ MedAE -> Cost: $229.27 | Cycle Time: 92.6s | Wait Time: 175.7s
Epoch [205/10000] | Train Loss: 0.0018 | Test Loss: 0.0020
   ↳ MedAE -> Cost: $207.80 | Cycle Time: 91.0s | Wait Time: 170.1s
Epoch [210/10000] | Train Loss: 0.0020 | Test Loss: 0.0020
   ↳ MedAE -> Cost: $281.58 | Cycle Time: 91.0s | Wait Time: 171.7s
Epoch [215/10000] | Train Loss: 0.0020 | Test Loss: 0.0022
   ↳ MedAE -> Cost: $218.02 | Cycle Time: 93.0s | Wait Time: 175.1s
Epoch [220/10000] | Train Loss: 0.0019 | Test Loss: 0.0022
   ↳ MedAE -> Cost: $206.92 | Cycle Time: 94.8s | Wait Time: 177.0s
Epoch [225/10000] | Train Loss: 0.0020 | Test Loss: 0.0019
   ↳ MedAE -> Cost: $196.67 | Cycle Time: 90.9s | Wait Time: 170.4s
Epoch [230/10000] | Train Loss: 0.0020 | Test Loss: 0.0020
   ↳ MedAE -> Cost: $241.54 | Cycle Time: 90.2s | Wait Time: 171.1s
Epoch [235/10000] | Train Loss: 0.0018 | Test Loss: 0.0022
   ↳ MedAE -> Cost: $212.65 | Cycle Time: 91.8s | Wait Time: 175.2s
Epoch [240/10000] | Train Loss: 0.0020 | Test Loss: 0.0021
   ↳ MedAE -> Cost: $375.58 | Cycle Time: 91.1s | Wait Time: 171.8s
Epoch [245/10000] | Train Loss: 0.0019 | Test Loss: 0.0024
   ↳ MedAE -> Cost: $350.61 | Cycle Time: 93.4s | Wait Time: 174.7s
Epoch [250/10000] | Train Loss: 0.0018 | Test Loss: 0.0020
   ↳ MedAE -> Cost: $237.34 | Cycle Time: 92.8s | Wait Time: 173.3s
Epoch [255/10000] | Train Loss: 0.0019 | Test Loss: 0.0021
   ↳ MedAE -> Cost: $204.97 | Cycle Time: 92.5s | Wait Time: 174.1s
Epoch [260/10000] | Train Loss: 0.0018 | Test Loss: 0.0024
   ↳ MedAE -> Cost: $319.35 | Cycle Time: 91.3s | Wait Time: 174.7s
Epoch [265/10000] | Train Loss: 0.0018 | Test Loss: 0.0021
   ↳ MedAE -> Cost: $238.25 | Cycle Time: 91.2s | Wait Time: 170.1s
Epoch [270/10000] | Train Loss: 0.0019 | Test Loss: 0.0021
   ↳ MedAE -> Cost: $217.81 | Cycle Time: 91.2s | Wait Time: 172.3s
Epoch [275/10000] | Train Loss: 0.0019 | Test Loss: 0.0021
   ↳ MedAE -> Cost: $278.10 | Cycle Time: 90.9s | Wait Time: 171.4s
Epoch [280/10000] | Train Loss: 0.0018 | Test Loss: 0.0020
   ↳ MedAE -> Cost: $315.61 | Cycle Time: 92.7s | Wait Time: 172.6s
Epoch [285/10000] | Train Loss: 0.0019 | Test Loss: 0.0021
   ↳ MedAE -> Cost: $247.98 | Cycle Time: 90.8s | Wait Time: 170.6s
Epoch [290/10000] | Train Loss: 0.0017 | Test Loss: 0.0021
   ↳ MedAE -> Cost: $231.85 | Cycle Time: 90.4s | Wait Time: 170.7s
Epoch [295/10000] | Train Loss: 0.0019 | Test Loss: 0.0020
   ↳ MedAE -> Cost: $261.87 | Cycle Time: 91.1s | Wait Time: 172.9s
Epoch [300/10000] | Train Loss: 0.0018 | Test Loss: 0.0019
   ↳ MedAE -> Cost: $245.20 | Cycle Time: 89.6s | Wait Time: 170.7s
Epoch [305/10000] | Train Loss: 0.0018 | Test Loss: 0.0019
   ↳ MedAE -> Cost: $204.79 | Cycle Time: 90.4s | Wait Time: 169.4s
Epoch [310/10000] | Train Loss: 0.0018 | Test Loss: 0.0022
   ↳ MedAE -> Cost: $264.47 | Cycle Time: 95.5s | Wait Time: 174.8s
Epoch [315/10000] | Train Loss: 0.0017 | Test Loss: 0.0020
   ↳ MedAE -> Cost: $196.40 | Cycle Time: 89.2s | Wait Time: 169.7s
Epoch [320/10000] | Train Loss: 0.0018 | Test Loss: 0.0020
   ↳ MedAE -> Cost: $244.28 | Cycle Time: 92.9s | Wait Time: 170.5s
Epoch [325/10000] | Train Loss: 0.0018 | Test Loss: 0.0021
   ↳ MedAE -> Cost: $232.92 | Cycle Time: 92.7s | Wait Time: 174.4s
Epoch [330/10000] | Train Loss: 0.0017 | Test Loss: 0.0024
   ↳ MedAE -> Cost: $207.07 | Cycle Time: 91.6s | Wait Time: 174.9s
Epoch [335/10000] | Train Loss: 0.0018 | Test Loss: 0.0019
   ↳ MedAE -> Cost: $215.00 | Cycle Time: 89.6s | Wait Time: 170.3s
Epoch [340/10000] | Train Loss: 0.0017 | Test Loss: 0.0019
   ↳ MedAE -> Cost: $205.24 | Cycle Time: 90.9s | Wait Time: 172.0s
Epoch [345/10000] | Train Loss: 0.0017 | Test Loss: 0.0019
   ↳ MedAE -> Cost: $186.85 | Cycle Time: 90.8s | Wait Time: 170.6s
Epoch [350/10000] | Train Loss: 0.0017 | Test Loss: 0.0019
   ↳ MedAE -> Cost: $213.21 | Cycle Time: 89.9s | Wait Time: 170.8s
Epoch [355/10000] | Train Loss: 0.0017 | Test Loss: 0.0019
   ↳ MedAE -> Cost: $198.71 | Cycle Time: 90.5s | Wait Time: 172.0s
Epoch [360/10000] | Train Loss: 0.0017 | Test Loss: 0.0019
   ↳ MedAE -> Cost: $184.78 | Cycle Time: 89.3s | Wait Time: 170.0s
Epoch [365/10000] | Train Loss: 0.0016 | Test Loss: 0.0018
   ↳ MedAE -> Cost: $264.03 | Cycle Time: 90.4s | Wait Time: 172.1s
Epoch [370/10000] | Train Loss: 0.0016 | Test Loss: 0.0020
   ↳ MedAE -> Cost: $203.67 | Cycle Time: 91.1s | Wait Time: 171.7s
Epoch [375/10000] | Train Loss: 0.0017 | Test Loss: 0.0020
   ↳ MedAE -> Cost: $227.69 | Cycle Time: 91.0s | Wait Time: 170.9s
Epoch [380/10000] | Train Loss: 0.0016 | Test Loss: 0.0025
   ↳ MedAE -> Cost: $275.16 | Cycle Time: 93.1s | Wait Time: 175.6s
Epoch [385/10000] | Train Loss: 0.0017 | Test Loss: 0.0019
   ↳ MedAE -> Cost: $178.66 | Cycle Time: 90.1s | Wait Time: 171.0s
Epoch [390/10000] | Train Loss: 0.0017 | Test Loss: 0.0020
   ↳ MedAE -> Cost: $238.34 | Cycle Time: 90.8s | Wait Time: 171.9s
Epoch [395/10000] | Train Loss: 0.0017 | Test Loss: 0.0020
   ↳ MedAE -> Cost: $216.52 | Cycle Time: 90.1s | Wait Time: 170.7s
Epoch [400/10000] | Train Loss: 0.0017 | Test Loss: 0.0020
   ↳ MedAE -> Cost: $203.43 | Cycle Time: 90.6s | Wait Time: 172.2s
Epoch [405/10000] | Train Loss: 0.0016 | Test Loss: 0.0019
   ↳ MedAE -> Cost: $194.20 | Cycle Time: 90.1s | Wait Time: 169.8s
Epoch [410/10000] | Train Loss: 0.0016 | Test Loss: 0.0020
   ↳ MedAE -> Cost: $201.61 | Cycle Time: 91.0s | Wait Time: 172.4s
Epoch [415/10000] | Train Loss: 0.0016 | Test Loss: 0.0020
   ↳ MedAE -> Cost: $190.49 | Cycle Time: 91.3s | Wait Time: 171.9s
Epoch [420/10000] | Train Loss: 0.0016 | Test Loss: 0.0020
   ↳ MedAE -> Cost: $220.35 | Cycle Time: 91.4s | Wait Time: 170.9s
Epoch [425/10000] | Train Loss: 0.0016 | Test Loss: 0.0019
   ↳ MedAE -> Cost: $244.59 | Cycle Time: 89.6s | Wait Time: 170.4s
Epoch [430/10000] | Train Loss: 0.0016 | Test Loss: 0.0019
   ↳ MedAE -> Cost: $209.79 | Cycle Time: 89.8s | Wait Time: 171.1s
Epoch [435/10000] | Train Loss: 0.0016 | Test Loss: 0.0019
   ↳ MedAE -> Cost: $191.37 | Cycle Time: 90.5s | Wait Time: 171.6s
Epoch [440/10000] | Train Loss: 0.0016 | Test Loss: 0.0023
   ↳ MedAE -> Cost: $221.97 | Cycle Time: 94.3s | Wait Time: 174.8s
Epoch [445/10000] | Train Loss: 0.0016 | Test Loss: 0.0020
   ↳ MedAE -> Cost: $228.02 | Cycle Time: 91.2s | Wait Time: 172.9s
Epoch [450/10000] | Train Loss: 0.0016 | Test Loss: 0.0020
   ↳ MedAE -> Cost: $191.45 | Cycle Time: 91.5s | Wait Time: 170.7s
Epoch [455/10000] | Train Loss: 0.0016 | Test Loss: 0.0020
   ↳ MedAE -> Cost: $231.11 | Cycle Time: 90.1s | Wait Time: 171.5s
Epoch [460/10000] | Train Loss: 0.0016 | Test Loss: 0.0020
   ↳ MedAE -> Cost: $193.48 | Cycle Time: 91.1s | Wait Time: 171.5s
Epoch [465/10000] | Train Loss: 0.0015 | Test Loss: 0.0021
   ↳ MedAE -> Cost: $251.96 | Cycle Time: 91.8s | Wait Time: 173.4s
Epoch [470/10000] | Train Loss: 0.0015 | Test Loss: 0.0018
   ↳ MedAE -> Cost: $187.87 | Cycle Time: 90.0s | Wait Time: 170.0s
Epoch [475/10000] | Train Loss: 0.0016 | Test Loss: 0.0021
   ↳ MedAE -> Cost: $205.78 | Cycle Time: 90.6s | Wait Time: 172.3s
Epoch [480/10000] | Train Loss: 0.0016 | Test Loss: 0.0021
   ↳ MedAE -> Cost: $214.97 | Cycle Time: 93.1s | Wait Time: 175.1s
Epoch [485/10000] | Train Loss: 0.0015 | Test Loss: 0.0022
   ↳ MedAE -> Cost: $213.61 | Cycle Time: 94.7s | Wait Time: 175.2s
Epoch [490/10000] | Train Loss: 0.0015 | Test Loss: 0.0020
   ↳ MedAE -> Cost: $223.17 | Cycle Time: 91.9s | Wait Time: 173.1s
Epoch [495/10000] | Train Loss: 0.0015 | Test Loss: 0.0019
   ↳ MedAE -> Cost: $188.07 | Cycle Time: 90.5s | Wait Time: 170.9s
Epoch [500/10000] | Train Loss: 0.0015 | Test Loss: 0.0020
   ↳ MedAE -> Cost: $187.02 | Cycle Time: 91.1s | Wait Time: 172.5s
Epoch [505/10000] | Train Loss: 0.0015 | Test Loss: 0.0020
   ↳ MedAE -> Cost: $209.34 | Cycle Time: 92.8s | Wait Time: 172.1s
Epoch [510/10000] | Train Loss: 0.0015 | Test Loss: 0.0020
   ↳ MedAE -> Cost: $202.63 | Cycle Time: 91.9s | Wait Time: 172.6s
Epoch [515/10000] | Train Loss: 0.0015 | Test Loss: 0.0021
   ↳ MedAE -> Cost: $200.81 | Cycle Time: 91.3s | Wait Time: 172.7s
Epoch [520/10000] | Train Loss: 0.0015 | Test Loss: 0.0020
   ↳ MedAE -> Cost: $195.17 | Cycle Time: 91.9s | Wait Time: 175.0s
Epoch [525/10000] | Train Loss: 0.0015 | Test Loss: 0.0020
   ↳ MedAE -> Cost: $216.23 | Cycle Time: 93.1s | Wait Time: 174.9s
Epoch [530/10000] | Train Loss: 0.0015 | Test Loss: 0.0021
   ↳ MedAE -> Cost: $221.65 | Cycle Time: 93.0s | Wait Time: 174.7s
Epoch [535/10000] | Train Loss: 0.0015 | Test Loss: 0.0021
   ↳ MedAE -> Cost: $258.50 | Cycle Time: 92.0s | Wait Time: 175.1s
Epoch [540/10000] | Train Loss: 0.0014 | Test Loss: 0.0022
   ↳ MedAE -> Cost: $247.81 | Cycle Time: 91.8s | Wait Time: 174.6s
Epoch [545/10000] | Train Loss: 0.0015 | Test Loss: 0.0021
   ↳ MedAE -> Cost: $232.35 | Cycle Time: 92.5s | Wait Time: 172.7s
Epoch [550/10000] | Train Loss: 0.0015 | Test Loss: 0.0019
   ↳ MedAE -> Cost: $186.97 | Cycle Time: 90.9s | Wait Time: 172.8s
Epoch [555/10000] | Train Loss: 0.0014 | Test Loss: 0.0021
   ↳ MedAE -> Cost: $229.74 | Cycle Time: 92.5s | Wait Time: 173.2s
Epoch [560/10000] | Train Loss: 0.0014 | Test Loss: 0.0020
   ↳ MedAE -> Cost: $268.07 | Cycle Time: 93.4s | Wait Time: 175.6s
Epoch [565/10000] | Train Loss: 0.0015 | Test Loss: 0.0021
   ↳ MedAE -> Cost: $214.97 | Cycle Time: 92.7s | Wait Time: 174.5s

Early stopping triggered at Epoch 568!
Training finished in 8188.43s.

Evaluating BEST model for JSON export...
Exported metrics to models/output/metrics_deep_nn.json

==================================================
  All 12 Benchmark Runs Completed Successfully!
==================================================
BIMP
Model Name,Best Test Loss,MedAE - Cost,MedAE - Cycle Time,MedAE - Waiting Time,MAE - Cost,MAE - Cycle Time,MAE - Waiting Time,MedAE % - Cost,MedAE % - Cycle Time,MedAE % - Waiting Time
Linear Regression Baseline,0.4887,5452.82,1130.87,1609.97,6901.45,1923.15,2548.23,16.51,6.33,4.67
Simple NN,0.0166,1518.04,128.67,224.09,1876.62,312.71,441.95,4.60,0.72,0.65
Complex NN - Hypertuned,0.0024,316.14,99.35,179.38,400.15,147.04,243.96,0.96,0.56,0.52
Deep Network - Hypertuned,0.0018,179.90,89.00,168.73,250.06,127.05,220.40,0.54,0.50,0.49

real
Model Name,Best Test Loss,MedAE - Cost,MedAE - Cycle Time,MedAE - Waiting Time,MAE - Cost,MAE - Cycle Time,MAE - Waiting Time,MedAE % - Cost,MedAE % - Cycle Time,MedAE % - Waiting Time
Linear Regression Baseline,0.4419,9196.12,3911.90,4057.93,11185.34,8742.92,9079.69,12.66,13.61,17.19
Simple NN,0.1215,3117.71,903.74,859.11,4194.52,4910.22,4995.52,4.29,3.15,3.64
Complex NN - Hypertuned,0.0528,2704.24,725.97,701.13,3533.42,3373.94,3412.42,3.72,2.53,2.97
Deep Network - Hypertuned,0.0191,607.89,286.39,335.40,858.90,1727.04,1827.09,0.84,1.00,1.42

synthetic
Model Name,Best Test Loss,MedAE - Cost,MedAE - Cycle Time,MedAE - Waiting Time,MAE - Cost,MAE - Cycle Time,MAE - Waiting Time,MedAE % - Cost,MedAE % - Cycle Time,MedAE % - Waiting Time
Linear Regression Baseline,0.3917,6572.94,3035.54,2953.85,9124.98,7470.04,7475.98,14.62,13.10,15.55
Simple NN,0.0192,1905.14,399.74,276.32,2518.64,1582.93,1503.71,4.24,1.72,1.45
Complex NN - Hypertuned,0.0033,1685.20,158.52,152.47,2076.01,421.44,427.37,3.75,0.68,0.80
Deep Network - Hypertuned,0.0032,1628.75,153.77,149.43,2044.71,407.91,409.06,3.62,0.66,0.79

=== Second test ===
BIMP
Model Name,Train Samples,Best Test Loss,MedAE - Cost,MedAE - Cycle Time,MedAE - Waiting Time,MAE - Cost,MAE - Cycle Time,MAE - Waiting Time,MedAE % - Cost,MedAE % - Cycle Time,MedAE % - Waiting Time
Complex NN - Hypertuned,N/A,0.0024,316.14,99.35,179.38,400.15,147.04,243.96,0.96,0.56,0.52
Complex NN - Hypertuned,1000,0.0725,979.73,185.29,292.32,1415.77,708.38,921.10,2.97,1.04,0.85
Complex NN - Hypertuned,5000,0.0089,669.49,116.54,199.38,886.75,257.24,367.57,2.03,0.65,0.58
Complex NN - Hypertuned,15000,0.0028,292.18,101.85,182.70,402.78,162.68,258.69,0.88,0.57,0.53
Deep Network - Hypertuned,N/A,0.0018,179.90,89.00,168.73,250.06,127.05,220.40,0.54,0.50,0.49
Deep Network - Hypertuned,1000,0.0973,885.10,165.10,267.85,1414.49,741.44,966.49,2.68,0.92,0.78
Deep Network - Hypertuned,5000,0.0105,309.78,102.45,189.75,462.49,261.18,384.66,0.94,0.57,0.55
Deep Network - Hypertuned,15000,0.0029,290.61,93.68,175.93,371.81,159.48,258.75,0.88,0.52,0.51
Linear Regression Baseline,N/A,0.4887,5452.82,1130.87,1609.97,6901.45,1923.15,2548.23,16.51,6.33,4.67
Linear Regression Baseline,1000,0.4364,5770.64,1225.42,1720.44,7114.18,2003.98,2652.09,17.47,6.86,4.99
Linear Regression Baseline,5000,0.4603,5511.56,1200.83,1703.70,6951.40,1976.47,2623.96,16.69,6.72,4.95
Linear Regression Baseline,15000,0.4723,5426.14,1168.53,1662.07,6893.97,1950.59,2588.51,16.43,6.54,4.83
Simple NN,N/A,0.0166,1518.04,128.67,224.09,1876.62,312.71,441.95,4.60,0.72,0.65
Simple NN,1000,0.1301,1717.02,244.30,387.40,2406.37,951.70,1263.58,5.20,1.37,1.12
Simple NN,5000,0.0638,1172.78,171.22,281.76,1679.37,631.97,844.56,3.55,0.96,0.82
Simple NN,15000,0.0239,910.59,135.85,231.33,1322.96,389.69,532.05,2.76,0.76,0.67

real
Model Name,Train Samples,Best Test Loss,MedAE - Cost,MedAE - Cycle Time,MedAE - Waiting Time,MAE - Cost,MAE - Cycle Time,MAE - Waiting Time,MedAE % - Cost,MedAE % - Cycle Time,MedAE % - Waiting Time
Complex NN - Hypertuned,N/A,0.0528,2704.24,725.97,701.13,3533.42,3373.94,3412.42,3.72,2.53,2.97
Complex NN - Hypertuned,1000,0.2426,3012.26,1336.34,1469.56,4117.75,4806.82,5112.85,4.15,4.64,6.25
Complex NN - Hypertuned,5000,0.0996,1852.87,548.88,588.03,2285.86,2942.21,3057.27,2.55,1.91,2.50
Complex NN - Hypertuned,15000,0.0261,989.47,291.63,339.10,1267.95,1376.94,1434.17,1.36,1.01,1.44
Complex NN - Hypertuned,25000,0.0141,827.77,289.11,356.64,1164.12,1047.39,1133.93,1.14,1.00,1.52
Complex NN - Hypertuned,39283,0.0048,724.57,244.04,296.54,966.50,733.43,809.24,1.00,0.85,1.26
Deep Network - Hypertuned,N/A,0.0191,607.89,286.39,335.40,858.90,1727.04,1827.09,0.84,1.00,1.42
Deep Network - Hypertuned,1000,0.2652,3215.02,1187.23,1353.56,5087.65,4838.95,5167.07,4.43,4.13,5.76
Deep Network - Hypertuned,5000,0.0867,939.81,390.31,476.41,1472.69,2619.98,2750.15,1.29,1.36,2.03
Deep Network - Hypertuned,15000,0.0220,701.24,276.20,342.47,961.74,1275.44,1370.01,0.97,0.96,1.46
Deep Network - Hypertuned,25000,0.0110,458.77,213.78,272.46,622.96,876.35,969.30,0.63,0.74,1.16
Deep Network - Hypertuned,39283,0.0034,481.43,206.81,260.55,637.11,621.15,684.95,0.66,0.72,1.11
Linear Regression Baseline,N/A,0.4419,9196.12,3911.90,4057.93,11185.34,8742.92,9079.69,12.66,13.61,17.19
Linear Regression Baseline,1000,0.4154,9077.55,3629.46,3730.02,11096.20,6446.92,6742.61,12.49,12.61,15.86
Linear Regression Baseline,5000,0.3888,9244.25,3568.20,3690.61,11149.52,6375.67,6686.55,12.72,12.40,15.69
Linear Regression Baseline,15000,0.4006,9036.41,3514.96,3671.18,11040.20,6349.66,6673.25,12.44,12.22,15.61
Linear Regression Baseline,25000,0.4020,8983.13,3496.61,3639.65,11007.41,6339.01,6665.33,12.36,12.15,15.48
Linear Regression Baseline,39283,0.3987,8996.10,3516.45,3642.10,11000.64,6344.29,6667.88,12.38,12.22,15.49
Simple NN,N/A,0.1215,3117.71,903.74,859.11,4194.52,4910.22,4995.52,4.29,3.15,3.64
Simple NN,1000,0.2780,3922.80,1687.04,1800.33,5404.46,5254.55,5538.31,5.40,5.86,7.65
Simple NN,5000,0.1356,2790.70,875.88,882.22,3807.99,3499.10