==================================================
 Starting Full NN-KPI-Predictor Benchmark Test
==================================================

[1/12] Running LR Model (synthetic)...
Loading dataset from source: synthetic
Dropped 1440 unconverged rows (48558 remain).
Features: 20 | Targets: 3
--> Training on 38846 samples.
--> Testing on 9712 consistent samples.
Scaling data...
Saved lr_x_scaler.pkl and lr_y_scaler.pkl

Training Linear Regression Model...
Training complete in 0.0127 seconds.
Saved trained model to lr_model.pkl

Evaluating on Test Set...

=====================================================================
                    LINEAR REGRESSION RESULTS
=====================================================================
Test Loss (Scaled MSE): 0.3917
   ↳ MedAE -> Cost: $6572.94 (±14.6%) | Cycle Time: 3035.5s (±13.1%) | Wait Time: 2953.8s (±15.6%)
   ↳ MAE   -> Cost: $9124.98 | Cycle Time: 7470.0s | Wait Time: 7476.0s
=====================================================================
Updated metrics saved to models/output/metrics_lr_model.json

[2/12] Running LR Model (BIMP)...
Loading dataset from source: BIMP
Dropped 30 unconverged rows (80411 remain).
Features: 13 | Targets: 3
--> Training on 64328 samples.
--> Testing on 16083 consistent samples.
Scaling data...
Saved lr_x_scaler.pkl and lr_y_scaler.pkl

Training Linear Regression Model...
Training complete in 0.0110 seconds.
Saved trained model to lr_model.pkl

Evaluating on Test Set...

=====================================================================
                    LINEAR REGRESSION RESULTS
=====================================================================
Test Loss (Scaled MSE): 0.4887
   ↳ MedAE -> Cost: $5452.82 (±16.5%) | Cycle Time: 1130.9s (±6.3%) | Wait Time: 1610.0s (±4.7%)
   ↳ MAE   -> Cost: $6901.45 | Cycle Time: 1923.2s | Wait Time: 2548.2s
=====================================================================
Updated metrics saved to models/output/metrics_lr_model.json

[3/12] Running Simple Model (synthetic)...
Training on device: mps
Loading dataset from source: synthetic
Dropped 1440 unconverged rows (48558 remain).
Features: 20 | Targets: 3
--> Training on 38846 samples.
--> Testing on 9712 consistent samples.
Scaling data...
Saved x_scaler.pkl and y_scaler.pkl
Starting training for up to 2500 epochs...
Epoch [1/2500] | Train Loss: 0.4051 | Test Loss: 0.1744
   ↳ MedAE -> Cost: $3400.38 (±7.6%) | Cycle Time: 708.3s (±3.1%) | Wait Time: 581.2s (±3.1%)
   ↳ MAE   -> Cost: $4567.98 | Cycle Time: 5341.1s | Wait Time: 5230.0s
Epoch [5/2500] | Train Loss: 0.1719 | Test Loss: 0.0872
   ↳ MedAE -> Cost: $2299.35 (±5.1%) | Cycle Time: 461.4s (±2.0%) | Wait Time: 393.6s (±2.1%)
   ↳ MAE   -> Cost: $3253.36 | Cycle Time: 4287.6s | Wait Time: 4201.0s
Epoch [10/2500] | Train Loss: 0.1391 | Test Loss: 0.0676
   ↳ MedAE -> Cost: $2335.05 (±5.2%) | Cycle Time: 385.8s (±1.7%) | Wait Time: 315.7s (±1.7%)
   ↳ MAE   -> Cost: $3129.23 | Cycle Time: 3515.8s | Wait Time: 3548.3s
Epoch [15/2500] | Train Loss: 0.1243 | Test Loss: 0.0760
   ↳ MedAE -> Cost: $2464.48 (±5.5%) | Cycle Time: 358.2s (±1.5%) | Wait Time: 299.6s (±1.6%)
   ↳ MAE   -> Cost: $3480.19 | Cycle Time: 3568.7s | Wait Time: 3634.9s
Epoch [20/2500] | Train Loss: 0.1162 | Test Loss: 0.0559
   ↳ MedAE -> Cost: $2370.12 (±5.3%) | Cycle Time: 369.8s (±1.6%) | Wait Time: 300.3s (±1.6%)
   ↳ MAE   -> Cost: $3101.30 | Cycle Time: 3283.9s | Wait Time: 3225.5s
Epoch [25/2500] | Train Loss: 0.1091 | Test Loss: 0.0539
   ↳ MedAE -> Cost: $2157.55 (±4.8%) | Cycle Time: 315.0s (±1.4%) | Wait Time: 265.3s (±1.4%)
   ↳ MAE   -> Cost: $3076.84 | Cycle Time: 3169.6s | Wait Time: 3104.0s
Epoch [30/2500] | Train Loss: 0.1133 | Test Loss: 0.0455
   ↳ MedAE -> Cost: $2225.96 (±5.0%) | Cycle Time: 405.7s (±1.8%) | Wait Time: 358.5s (±1.9%)
   ↳ MAE   -> Cost: $2924.03 | Cycle Time: 3639.9s | Wait Time: 3625.8s
Epoch [35/2500] | Train Loss: 0.1039 | Test Loss: 0.0405
   ↳ MedAE -> Cost: $2132.56 (±4.7%) | Cycle Time: 324.8s (±1.4%) | Wait Time: 275.5s (±1.5%)
   ↳ MAE   -> Cost: $2803.65 | Cycle Time: 3129.6s | Wait Time: 3096.0s
Epoch [40/2500] | Train Loss: 0.0957 | Test Loss: 0.0547
   ↳ MedAE -> Cost: $2018.65 (±4.5%) | Cycle Time: 329.8s (±1.4%) | Wait Time: 261.1s (±1.4%)
   ↳ MAE   -> Cost: $2699.44 | Cycle Time: 3076.9s | Wait Time: 3115.9s
Epoch [45/2500] | Train Loss: 0.1027 | Test Loss: 0.0445
   ↳ MedAE -> Cost: $2009.70 (±4.5%) | Cycle Time: 362.9s (±1.6%) | Wait Time: 273.8s (±1.4%)
   ↳ MAE   -> Cost: $2699.51 | Cycle Time: 2845.2s | Wait Time: 2817.5s
Epoch [50/2500] | Train Loss: 0.0951 | Test Loss: 0.0361
   ↳ MedAE -> Cost: $2040.62 (±4.5%) | Cycle Time: 374.7s (±1.6%) | Wait Time: 278.9s (±1.5%)
   ↳ MAE   -> Cost: $2689.71 | Cycle Time: 2911.8s | Wait Time: 2808.1s
Epoch [55/2500] | Train Loss: 0.1022 | Test Loss: 0.0424
   ↳ MedAE -> Cost: $1953.22 (±4.3%) | Cycle Time: 319.5s (±1.4%) | Wait Time: 243.4s (±1.3%)
   ↳ MAE   -> Cost: $2589.10 | Cycle Time: 2747.7s | Wait Time: 2636.3s
Epoch [60/2500] | Train Loss: 0.0952 | Test Loss: 0.0358
   ↳ MedAE -> Cost: $1990.01 (±4.4%) | Cycle Time: 364.2s (±1.6%) | Wait Time: 272.2s (±1.4%)
   ↳ MAE   -> Cost: $2615.46 | Cycle Time: 2439.9s | Wait Time: 2416.6s
Epoch [65/2500] | Train Loss: 0.0925 | Test Loss: 0.0391
   ↳ MedAE -> Cost: $1986.64 (±4.4%) | Cycle Time: 317.9s (±1.4%) | Wait Time: 266.6s (±1.4%)
   ↳ MAE   -> Cost: $2633.75 | Cycle Time: 2325.5s | Wait Time: 2274.4s
Epoch [70/2500] | Train Loss: 0.0807 | Test Loss: 0.0271
   ↳ MedAE -> Cost: $1990.65 (±4.4%) | Cycle Time: 342.5s (±1.5%) | Wait Time: 255.4s (±1.3%)
   ↳ MAE   -> Cost: $2651.51 | Cycle Time: 2090.2s | Wait Time: 2024.2s
Epoch [75/2500] | Train Loss: 0.0894 | Test Loss: 0.0330
   ↳ MedAE -> Cost: $1990.81 (±4.4%) | Cycle Time: 350.8s (±1.5%) | Wait Time: 277.0s (±1.5%)
   ↳ MAE   -> Cost: $2629.49 | Cycle Time: 2361.1s | Wait Time: 2380.9s
Epoch [80/2500] | Train Loss: 0.0864 | Test Loss: 0.0300
   ↳ MedAE -> Cost: $2004.97 (±4.5%) | Cycle Time: 325.6s (±1.4%) | Wait Time: 267.1s (±1.4%)
   ↳ MAE   -> Cost: $2591.00 | Cycle Time: 2114.9s | Wait Time: 2094.6s
Epoch [85/2500] | Train Loss: 0.0853 | Test Loss: 0.0337
   ↳ MedAE -> Cost: $2087.33 (±4.6%) | Cycle Time: 340.1s (±1.5%) | Wait Time: 279.3s (±1.5%)
   ↳ MAE   -> Cost: $2684.86 | Cycle Time: 2175.2s | Wait Time: 2116.3s
Epoch [90/2500] | Train Loss: 0.0859 | Test Loss: 0.0396
   ↳ MedAE -> Cost: $2004.07 (±4.5%) | Cycle Time: 311.9s (±1.3%) | Wait Time: 249.3s (±1.3%)
   ↳ MAE   -> Cost: $2566.61 | Cycle Time: 2250.2s | Wait Time: 2230.3s
Epoch [95/2500] | Train Loss: 0.0777 | Test Loss: 0.0338
   ↳ MedAE -> Cost: $1951.26 (±4.3%) | Cycle Time: 308.3s (±1.3%) | Wait Time: 245.0s (±1.3%)
   ↳ MAE   -> Cost: $2561.06 | Cycle Time: 1989.9s | Wait Time: 2017.6s
Epoch [100/2500] | Train Loss: 0.0865 | Test Loss: 0.0211
   ↳ MedAE -> Cost: $2014.33 (±4.5%) | Cycle Time: 348.8s (±1.5%) | Wait Time: 269.5s (±1.4%)
   ↳ MAE   -> Cost: $2645.42 | Cycle Time: 1711.7s | Wait Time: 1687.2s
Epoch [105/2500] | Train Loss: 0.0865 | Test Loss: 0.0221
   ↳ MedAE -> Cost: $1963.27 (±4.4%) | Cycle Time: 348.1s (±1.5%) | Wait Time: 258.8s (±1.4%)
   ↳ MAE   -> Cost: $2601.35 | Cycle Time: 1728.1s | Wait Time: 1692.8s
Epoch [110/2500] | Train Loss: 0.0877 | Test Loss: 0.0257
   ↳ MedAE -> Cost: $2147.23 (±4.8%) | Cycle Time: 357.9s (±1.5%) | Wait Time: 282.0s (±1.5%)
   ↳ MAE   -> Cost: $2756.47 | Cycle Time: 1829.8s | Wait Time: 1822.9s
Epoch [115/2500] | Train Loss: 0.0800 | Test Loss: 0.0260
   ↳ MedAE -> Cost: $1947.50 (±4.3%) | Cycle Time: 299.4s (±1.3%) | Wait Time: 228.6s (±1.2%)
   ↳ MAE   -> Cost: $2580.67 | Cycle Time: 1804.3s | Wait Time: 1791.7s
Epoch [120/2500] | Train Loss: 0.0859 | Test Loss: 0.0264
   ↳ MedAE -> Cost: $1998.09 (±4.4%) | Cycle Time: 376.5s (±1.6%) | Wait Time: 271.7s (±1.4%)
   ↳ MAE   -> Cost: $2600.32 | Cycle Time: 1800.1s | Wait Time: 1758.6s
Epoch [125/2500] | Train Loss: 0.0880 | Test Loss: 0.0244
   ↳ MedAE -> Cost: $1986.55 (±4.4%) | Cycle Time: 374.8s (±1.6%) | Wait Time: 267.5s (±1.4%)
   ↳ MAE   -> Cost: $2566.88 | Cycle Time: 2175.2s | Wait Time: 2234.2s
Epoch [130/2500] | Train Loss: 0.0765 | Test Loss: 0.0255
   ↳ MedAE -> Cost: $2081.70 (±4.6%) | Cycle Time: 372.2s (±1.6%) | Wait Time: 258.5s (±1.4%)
   ↳ MAE   -> Cost: $2649.48 | Cycle Time: 1923.4s | Wait Time: 1942.0s
Epoch [135/2500] | Train Loss: 0.0829 | Test Loss: 0.0231
   ↳ MedAE -> Cost: $2084.14 (±4.6%) | Cycle Time: 333.5s (±1.4%) | Wait Time: 257.9s (±1.4%)
   ↳ MAE   -> Cost: $2678.38 | Cycle Time: 1676.7s | Wait Time: 1668.4s
Epoch [140/2500] | Train Loss: 0.0820 | Test Loss: 0.0253
   ↳ MedAE -> Cost: $2003.14 (±4.5%) | Cycle Time: 358.4s (±1.5%) | Wait Time: 235.4s (±1.2%)
   ↳ MAE   -> Cost: $2575.91 | Cycle Time: 1793.7s | Wait Time: 1715.1s
Epoch [145/2500] | Train Loss: 0.0797 | Test Loss: 0.0349
   ↳ MedAE -> Cost: $2156.32 (±4.8%) | Cycle Time: 339.9s (±1.5%) | Wait Time: 237.8s (±1.3%)
   ↳ MAE   -> Cost: $2803.49 | Cycle Time: 2106.6s | Wait Time: 2029.9s
Epoch [150/2500] | Train Loss: 0.0723 | Test Loss: 0.0405
   ↳ MedAE -> Cost: $2189.60 (±4.9%) | Cycle Time: 468.4s (±2.0%) | Wait Time: 295.4s (±1.6%)
   ↳ MAE   -> Cost: $2745.87 | Cycle Time: 2298.1s | Wait Time: 2193.9s
Epoch [155/2500] | Train Loss: 0.0752 | Test Loss: 0.0293
   ↳ MedAE -> Cost: $2217.61 (±4.9%) | Cycle Time: 413.9s (±1.8%) | Wait Time: 270.4s (±1.4%)
   ↳ MAE   -> Cost: $2960.73 | Cycle Time: 1780.0s | Wait Time: 1685.8s
Epoch [160/2500] | Train Loss: 0.0838 | Test Loss: 0.0242
   ↳ MedAE -> Cost: $2058.36 (±4.6%) | Cycle Time: 352.8s (±1.5%) | Wait Time: 239.9s (±1.3%)
   ↳ MAE   -> Cost: $2687.71 | Cycle Time: 1786.5s | Wait Time: 1683.5s
Epoch [165/2500] | Train Loss: 0.0784 | Test Loss: 0.0439
   ↳ MedAE -> Cost: $2109.00 (±4.7%) | Cycle Time: 379.4s (±1.6%) | Wait Time: 259.9s (±1.4%)
   ↳ MAE   -> Cost: $2716.92 | Cycle Time: 2221.4s | Wait Time: 2145.9s
Epoch [170/2500] | Train Loss: 0.0770 | Test Loss: 0.0403
   ↳ MedAE -> Cost: $1904.91 (±4.2%) | Cycle Time: 352.1s (±1.5%) | Wait Time: 235.5s (±1.2%)
   ↳ MAE   -> Cost: $2438.03 | Cycle Time: 2200.4s | Wait Time: 2154.4s
Epoch [175/2500] | Train Loss: 0.0766 | Test Loss: 0.0313
   ↳ MedAE -> Cost: $1963.08 (±4.4%) | Cycle Time: 351.2s (±1.5%) | Wait Time: 235.2s (±1.2%)
   ↳ MAE   -> Cost: $2543.17 | Cycle Time: 1819.7s | Wait Time: 1802.8s
Epoch [180/2500] | Train Loss: 0.0812 | Test Loss: 0.0204
   ↳ MedAE -> Cost: $2010.04 (±4.5%) | Cycle Time: 320.7s (±1.4%) | Wait Time: 221.5s (±1.2%)
   ↳ MAE   -> Cost: $2597.04 | Cycle Time: 2147.0s | Wait Time: 2108.1s
Epoch [185/2500] | Train Loss: 0.0802 | Test Loss: 0.0243
   ↳ MedAE -> Cost: $2024.79 (±4.5%) | Cycle Time: 338.9s (±1.5%) | Wait Time: 234.7s (±1.2%)
   ↳ MAE   -> Cost: $2589.57 | Cycle Time: 1919.4s | Wait Time: 1858.0s
Epoch [190/2500] | Train Loss: 0.0791 | Test Loss: 0.0243
   ↳ MedAE -> Cost: $2068.24 (±4.6%) | Cycle Time: 337.3s (±1.5%) | Wait Time: 239.4s (±1.3%)
   ↳ MAE   -> Cost: $2739.74 | Cycle Time: 1792.4s | Wait Time: 1777.9s
Epoch [195/2500] | Train Loss: 0.0746 | Test Loss: 0.0272
   ↳ MedAE -> Cost: $2031.08 (±4.5%) | Cycle Time: 334.4s (±1.4%) | Wait Time: 239.7s (±1.3%)
   ↳ MAE   -> Cost: $2684.74 | Cycle Time: 1813.2s | Wait Time: 1751.3s
Epoch [200/2500] | Train Loss: 0.0751 | Test Loss: 0.0312
   ↳ MedAE -> Cost: $2046.61 (±4.6%) | Cycle Time: 364.3s (±1.6%) | Wait Time: 236.1s (±1.2%)
   ↳ MAE   -> Cost: $2594.83 | Cycle Time: 1963.1s | Wait Time: 1982.3s
Epoch [205/2500] | Train Loss: 0.0720 | Test Loss: 0.0241
   ↳ MedAE -> Cost: $1966.19 (±4.4%) | Cycle Time: 308.6s (±1.3%) | Wait Time: 251.2s (±1.3%)
   ↳ MAE   -> Cost: $2491.00 | Cycle Time: 1779.7s | Wait Time: 1787.8s
Epoch [210/2500] | Train Loss: 0.0786 | Test Loss: 0.0319
   ↳ MedAE -> Cost: $2067.31 (±4.6%) | Cycle Time: 426.4s (±1.8%) | Wait Time: 320.8s (±1.7%)
   ↳ MAE   -> Cost: $2699.17 | Cycle Time: 1936.3s | Wait Time: 1860.5s
Epoch [215/2500] | Train Loss: 0.0806 | Test Loss: 0.0291
   ↳ MedAE -> Cost: $1965.43 (±4.4%) | Cycle Time: 307.3s (±1.3%) | Wait Time: 227.6s (±1.2%)
   ↳ MAE   -> Cost: $2551.17 | Cycle Time: 1746.7s | Wait Time: 1715.8s
Epoch [220/2500] | Train Loss: 0.0758 | Test Loss: 0.0257
   ↳ MedAE -> Cost: $2037.71 (±4.5%) | Cycle Time: 403.4s (±1.7%) | Wait Time: 269.0s (±1.4%)
   ↳ MAE   -> Cost: $2589.16 | Cycle Time: 1728.1s | Wait Time: 1649.5s
Epoch [225/2500] | Train Loss: 0.0793 | Test Loss: 0.0283
   ↳ MedAE -> Cost: $2147.47 (±4.8%) | Cycle Time: 512.5s (±2.2%) | Wait Time: 348.3s (±1.8%)
   ↳ MAE   -> Cost: $2721.49 | Cycle Time: 1892.7s | Wait Time: 1805.8s
Epoch [230/2500] | Train Loss: 0.0813 | Test Loss: 0.0401
   ↳ MedAE -> Cost: $2051.30 (±4.6%) | Cycle Time: 467.5s (±2.0%) | Wait Time: 319.0s (±1.7%)
   ↳ MAE   -> Cost: $2670.95 | Cycle Time: 2080.9s | Wait Time: 2004.6s
Epoch [235/2500] | Train Loss: 0.0715 | Test Loss: 0.0387
   ↳ MedAE -> Cost: $2079.86 (±4.6%) | Cycle Time: 355.3s (±1.5%) | Wait Time: 246.1s (±1.3%)
   ↳ MAE   -> Cost: $2639.52 | Cycle Time: 1995.9s | Wait Time: 2000.4s
Epoch [240/2500] | Train Loss: 0.0778 | Test Loss: 0.0278
   ↳ MedAE -> Cost: $1996.26 (±4.4%) | Cycle Time: 420.3s (±1.8%) | Wait Time: 273.4s (±1.4%)
   ↳ MAE   -> Cost: $2642.81 | Cycle Time: 1827.0s | Wait Time: 1820.5s
Epoch [245/2500] | Train Loss: 0.0725 | Test Loss: 0.0194
   ↳ MedAE -> Cost: $2171.06 (±4.8%) | Cycle Time: 386.3s (±1.7%) | Wait Time: 240.3s (±1.3%)
   ↳ MAE   -> Cost: $2792.54 | Cycle Time: 1549.0s | Wait Time: 1532.4s
Epoch [250/2500] | Train Loss: 0.0772 | Test Loss: 0.0386
   ↳ MedAE -> Cost: $2078.20 (±4.6%) | Cycle Time: 372.6s (±1.6%) | Wait Time: 236.9s (±1.2%)
   ↳ MAE   -> Cost: $2624.87 | Cycle Time: 2014.9s | Wait Time: 2029.3s
Epoch [255/2500] | Train Loss: 0.0749 | Test Loss: 0.0279
   ↳ MedAE -> Cost: $2126.72 (±4.7%) | Cycle Time: 320.5s (±1.4%) | Wait Time: 228.9s (±1.2%)
   ↳ MAE   -> Cost: $2773.85 | Cycle Time: 1784.3s | Wait Time: 1796.3s
Epoch [260/2500] | Train Loss: 0.0804 | Test Loss: 0.0206
   ↳ MedAE -> Cost: $1943.51 (±4.3%) | Cycle Time: 323.3s (±1.4%) | Wait Time: 213.2s (±1.1%)
   ↳ MAE   -> Cost: $2516.58 | Cycle Time: 1665.8s | Wait Time: 1573.2s
Epoch [265/2500] | Train Loss: 0.0683 | Test Loss: 0.0277
   ↳ MedAE -> Cost: $2008.83 (±4.5%) | Cycle Time: 369.6s (±1.6%) | Wait Time: 258.1s (±1.4%)
   ↳ MAE   -> Cost: $2567.81 | Cycle Time: 1935.9s | Wait Time: 1814.1s
Epoch [270/2500] | Train Loss: 0.0773 | Test Loss: 0.0299
   ↳ MedAE -> Cost: $1994.29 (±4.4%) | Cycle Time: 414.9s (±1.8%) | Wait Time: 281.4s (±1.5%)
   ↳ MAE   -> Cost: $2524.95 | Cycle Time: 2004.2s | Wait Time: 2008.2s
Epoch [275/2500] | Train Loss: 0.0671 | Test Loss: 0.0247
   ↳ MedAE -> Cost: $2135.18 (±4.7%) | Cycle Time: 376.5s (±1.6%) | Wait Time: 255.7s (±1.3%)
   ↳ MAE   -> Cost: $2656.10 | Cycle Time: 1631.0s | Wait Time: 1554.4s
Epoch [280/2500] | Train Loss: 0.0687 | Test Loss: 0.0272
   ↳ MedAE -> Cost: $1990.88 (±4.4%) | Cycle Time: 377.9s (±1.6%) | Wait Time: 246.6s (±1.3%)
   ↳ MAE   -> Cost: $2601.50 | Cycle Time: 1706.5s | Wait Time: 1736.2s
Epoch [285/2500] | Train Loss: 0.0748 | Test Loss: 0.0223
   ↳ MedAE -> Cost: $2098.16 (±4.7%) | Cycle Time: 379.5s (±1.6%) | Wait Time: 252.9s (±1.3%)
   ↳ MAE   -> Cost: $2646.60 | Cycle Time: 1701.4s | Wait Time: 1571.4s
Epoch [290/2500] | Train Loss: 0.0738 | Test Loss: 0.0509
   ↳ MedAE -> Cost: $1947.34 (±4.3%) | Cycle Time: 343.6s (±1.5%) | Wait Time: 252.0s (±1.3%)
   ↳ MAE   -> Cost: $2558.98 | Cycle Time: 2242.4s | Wait Time: 2233.5s
Epoch [295/2500] | Train Loss: 0.0735 | Test Loss: 0.0295
   ↳ MedAE -> Cost: $2088.64 (±4.6%) | Cycle Time: 398.9s (±1.7%) | Wait Time: 273.2s (±1.4%)
   ↳ MAE   -> Cost: $2643.11 | Cycle Time: 1800.7s | Wait Time: 1746.8s
Epoch [300/2500] | Train Loss: 0.0763 | Test Loss: 0.0292
   ↳ MedAE -> Cost: $1957.95 (±4.4%) | Cycle Time: 307.2s (±1.3%) | Wait Time: 228.7s (±1.2%)
   ↳ MAE   -> Cost: $2522.31 | Cycle Time: 1936.4s | Wait Time: 1832.0s
Epoch [305/2500] | Train Loss: 0.0785 | Test Loss: 0.0371
   ↳ MedAE -> Cost: $2071.74 (±4.6%) | Cycle Time: 409.5s (±1.8%) | Wait Time: 256.0s (±1.3%)
   ↳ MAE   -> Cost: $2685.23 | Cycle Time: 2021.0s | Wait Time: 1894.4s
Epoch [310/2500] | Train Loss: 0.0762 | Test Loss: 0.0370
   ↳ MedAE -> Cost: $1956.89 (±4.4%) | Cycle Time: 322.7s (±1.4%) | Wait Time: 229.2s (±1.2%)
   ↳ MAE   -> Cost: $2579.14 | Cycle Time: 1943.0s | Wait Time: 1953.3s
Epoch [315/2500] | Train Loss: 0.0745 | Test Loss: 0.0240
   ↳ MedAE -> Cost: $2021.81 (±4.5%) | Cycle Time: 337.3s (±1.5%) | Wait Time: 234.4s (±1.2%)
   ↳ MAE   -> Cost: $2625.55 | Cycle Time: 1623.4s | Wait Time: 1516.9s
Epoch [320/2500] | Train Loss: 0.0736 | Test Loss: 0.0316
   ↳ MedAE -> Cost: $1983.51 (±4.4%) | Cycle Time: 404.1s (±1.7%) | Wait Time: 268.6s (±1.4%)
   ↳ MAE   -> Cost: $2484.21 | Cycle Time: 1938.0s | Wait Time: 1915.0s
Epoch [325/2500] | Train Loss: 0.0776 | Test Loss: 0.0318
   ↳ MedAE -> Cost: $2170.74 (±4.8%) | Cycle Time: 389.2s (±1.7%) | Wait Time: 249.7s (±1.3%)
   ↳ MAE   -> Cost: $2910.75 | Cycle Time: 1857.6s | Wait Time: 1811.5s
Epoch [330/2500] | Train Loss: 0.0729 | Test Loss: 0.0359
   ↳ MedAE -> Cost: $1986.19 (±4.4%) | Cycle Time: 453.5s (±2.0%) | Wait Time: 323.6s (±1.7%)
   ↳ MAE   -> Cost: $2525.29 | Cycle Time: 1945.0s | Wait Time: 1860.8s
Epoch [335/2500] | Train Loss: 0.0724 | Test Loss: 0.0309
   ↳ MedAE -> Cost: $2099.83 (±4.7%) | Cycle Time: 373.3s (±1.6%) | Wait Time: 243.7s (±1.3%)
   ↳ MAE   -> Cost: $2724.27 | Cycle Time: 1844.4s | Wait Time: 1794.4s
Epoch [340/2500] | Train Loss: 0.0685 | Test Loss: 0.0421
   ↳ MedAE -> Cost: $2038.28 (±4.5%) | Cycle Time: 510.4s (±2.2%) | Wait Time: 357.1s (±1.9%)
   ↳ MAE   -> Cost: $2721.74 | Cycle Time: 2069.9s | Wait Time: 1994.1s
Epoch [345/2500] | Train Loss: 0.0725 | Test Loss: 0.0326
   ↳ MedAE -> Cost: $2004.35 (±4.5%) | Cycle Time: 352.1s (±1.5%) | Wait Time: 239.6s (±1.3%)
   ↳ MAE   -> Cost: $2579.19 | Cycle Time: 1892.3s | Wait Time: 1815.1s
Epoch [350/2500] | Train Loss: 0.0728 | Test Loss: 0.0468
   ↳ MedAE -> Cost: $2018.09 (±4.5%) | Cycle Time: 379.5s (±1.6%) | Wait Time: 253.5s (±1.3%)
   ↳ MAE   -> Cost: $2601.49 | Cycle Time: 2163.0s | Wait Time: 2158.8s
Epoch [355/2500] | Train Loss: 0.0640 | Test Loss: 0.0230
   ↳ MedAE -> Cost: $2010.28 (±4.5%) | Cycle Time: 338.6s (±1.5%) | Wait Time: 234.1s (±1.2%)
   ↳ MAE   -> Cost: $2585.38 | Cycle Time: 1651.8s | Wait Time: 1560.2s
Epoch [360/2500] | Train Loss: 0.0662 | Test Loss: 0.0288
   ↳ MedAE -> Cost: $2053.72 (±4.6%) | Cycle Time: 478.1s (±2.1%) | Wait Time: 380.3s (±2.0%)
   ↳ MAE   -> Cost: $2586.98 | Cycle Time: 1900.5s | Wait Time: 1920.0s
Epoch [365/2500] | Train Loss: 0.0754 | Test Loss: 0.0361
   ↳ MedAE -> Cost: $2014.82 (±4.5%) | Cycle Time: 357.5s (±1.5%) | Wait Time: 243.3s (±1.3%)
   ↳ MAE   -> Cost: $2566.42 | Cycle Time: 2030.7s | Wait Time: 2072.1s
Epoch [370/2500] | Train Loss: 0.0728 | Test Loss: 0.0307
   ↳ MedAE -> Cost: $2028.62 (±4.5%) | Cycle Time: 483.9s (±2.1%) | Wait Time: 350.4s (±1.8%)
   ↳ MAE   -> Cost: $2587.42 | Cycle Time: 1927.7s | Wait Time: 1899.6s
Epoch [375/2500] | Train Loss: 0.0687 | Test Loss: 0.0312
   ↳ MedAE -> Cost: $2130.59 (±4.7%) | Cycle Time: 395.1s (±1.7%) | Wait Time: 282.2s (±1.5%)
   ↳ MAE   -> Cost: $2721.58 | Cycle Time: 1778.2s | Wait Time: 1719.1s
Epoch [380/2500] | Train Loss: 0.0653 | Test Loss: 0.0296
   ↳ MedAE -> Cost: $2169.60 (±4.8%) | Cycle Time: 377.4s (±1.6%) | Wait Time: 241.5s (±1.3%)
   ↳ MAE   -> Cost: $2778.60 | Cycle Time: 1821.3s | Wait Time: 1702.6s
Epoch [385/2500] | Train Loss: 0.0704 | Test Loss: 0.0369
   ↳ MedAE -> Cost: $2074.35 (±4.6%) | Cycle Time: 391.7s (±1.7%) | Wait Time: 287.3s (±1.5%)
   ↳ MAE   -> Cost: $2644.46 | Cycle Time: 1797.2s | Wait Time: 1785.4s
Epoch [390/2500] | Train Loss: 0.0683 | Test Loss: 0.0319
   ↳ MedAE -> Cost: $2053.21 (±4.6%) | Cycle Time: 433.9s (±1.9%) | Wait Time: 288.8s (±1.5%)
   ↳ MAE   -> Cost: $2674.22 | Cycle Time: 1838.6s | Wait Time: 1771.2s
Epoch [395/2500] | Train Loss: 0.0679 | Test Loss: 0.0329
   ↳ MedAE -> Cost: $1983.30 (±4.4%) | Cycle Time: 328.0s (±1.4%) | Wait Time: 225.3s (±1.2%)
   ↳ MAE   -> Cost: $2553.25 | Cycle Time: 1935.0s | Wait Time: 1859.7s
Epoch [400/2500] | Train Loss: 0.0724 | Test Loss: 0.0309
   ↳ MedAE -> Cost: $2076.69 (±4.6%) | Cycle Time: 341.1s (±1.5%) | Wait Time: 228.3s (±1.2%)
   ↳ MAE   -> Cost: $2688.18 | Cycle Time: 2163.4s | Wait Time: 2103.5s
Epoch [405/2500] | Train Loss: 0.0668 | Test Loss: 0.0391
   ↳ MedAE -> Cost: $1984.34 (±4.4%) | Cycle Time: 362.1s (±1.6%) | Wait Time: 233.5s (±1.2%)
   ↳ MAE   -> Cost: $2578.49 | Cycle Time: 1893.3s | Wait Time: 1859.2s
Epoch [410/2500] | Train Loss: 0.0741 | Test Loss: 0.0460
   ↳ MedAE -> Cost: $2170.89 (±4.8%) | Cycle Time: 346.0s (±1.5%) | Wait Time: 243.2s (±1.3%)
   ↳ MAE   -> Cost: $2744.26 | Cycle Time: 2427.6s | Wait Time: 2370.6s
Epoch [415/2500] | Train Loss: 0.0677 | Test Loss: 0.0294
   ↳ MedAE -> Cost: $2047.24 (±4.6%) | Cycle Time: 383.9s (±1.7%) | Wait Time: 237.7s (±1.3%)
   ↳ MAE   -> Cost: $2636.14 | Cycle Time: 1874.8s | Wait Time: 1793.5s
Epoch [420/2500] | Train Loss: 0.0693 | Test Loss: 0.0361
   ↳ MedAE -> Cost: $2051.11 (±4.6%) | Cycle Time: 364.7s (±1.6%) | Wait Time: 224.2s (±1.2%)
   ↳ MAE   -> Cost: $2589.84 | Cycle Time: 1962.6s | Wait Time: 1892.6s
Epoch [425/2500] | Train Loss: 0.0705 | Test Loss: 0.0334
   ↳ MedAE -> Cost: $2006.60 (±4.5%) | Cycle Time: 427.8s (±1.8%) | Wait Time: 252.1s (±1.3%)
   ↳ MAE   -> Cost: $2570.28 | Cycle Time: 1938.2s | Wait Time: 1743.9s
Epoch [430/2500] | Train Loss: 0.0685 | Test Loss: 0.0317
   ↳ MedAE -> Cost: $2079.88 (±4.6%) | Cycle Time: 528.7s (±2.3%) | Wait Time: 305.6s (±1.6%)
   ↳ MAE   -> Cost: $2675.90 | Cycle Time: 1944.6s | Wait Time: 1707.1s
Epoch [435/2500] | Train Loss: 0.0742 | Test Loss: 0.0377
   ↳ MedAE -> Cost: $1960.38 (±4.4%) | Cycle Time: 427.7s (±1.8%) | Wait Time: 265.2s (±1.4%)
   ↳ MAE   -> Cost: $2547.8