[I 2026-08-10 20:07:11,708] Trial 99 finished with value: 0.00456147575352028 and parameters: {'lr': 0.004235197598300626, 'weight_decay': 1.0040914168266246e-06, 'dropout_rate': 0.08011761520413163, 'batch_size': 256}. Best is trial 94 with value: 0.004478879215401372.

Best Trial Validation MSE: 0.00448
BATCH_SIZE = 256
LEARNING_RATE = 0.0017729766735176443
WEIGHT_DECAY = 2.102101500970643e-06
DROPOUT_RATE = 0.09305765707294075
--------------------------------------------------
Saved config automatically to:
  - /Users/luca/Shared/Universita/Tesi/Code/NN-KPI-Predictor/models/complex_model/output/synthetic/best_params.json
  - /Users/luca/Shared/Universita/Tesi/Code/NN-KPI-Predictor/models/complex_model/best_params.json

Or run with environment variables:
export BATCH_SIZE=256 LEARNING_RATE=0.0017729766735176443 WEIGHT_DECAY=2.102101500970643e-06 DROPOUT_RATE=0.09305765707294075
==================================================


[6/12] Training Hypertuned Complex Model (synthetic)...
Hyperparameters loaded for source 'synthetic': BATCH_SIZE=256, LEARNING_RATE=0.0017729766735176443, WEIGHT_DECAY=2.102101500970643e-06, DROPOUT_RATE=0.09305765707294075
Loading dataset from source: synthetic
Dropped 1440 unconverged rows (48558 remain).
Features: 20 | Targets: 3
--> Training on 38846 samples.
--> Testing on 9712 consistent samples.
Epoch [1/10000] | Train Loss: 0.2169 | Test Loss: 0.0928
   ↳ MedAE -> Cost: $2325.04 | Cycle Time: 647.4s | Wait Time: 569.4s
Epoch [5/10000] | Train Loss: 0.0698 | Test Loss: 0.0287
   ↳ MedAE -> Cost: $2197.69 | Cycle Time: 422.3s | Wait Time: 289.0s
Epoch [10/10000] | Train Loss: 0.0500 | Test Loss: 0.0201
   ↳ MedAE -> Cost: $2097.12 | Cycle Time: 524.1s | Wait Time: 407.8s
Epoch [15/10000] | Train Loss: 0.0341 | Test Loss: 0.0185
   ↳ MedAE -> Cost: $1977.40 | Cycle Time: 302.4s | Wait Time: 259.0s
Epoch [20/10000] | Train Loss: 0.0323 | Test Loss: 0.0126
   ↳ MedAE -> Cost: $1888.60 | Cycle Time: 341.3s | Wait Time: 258.9s
Epoch [25/10000] | Train Loss: 0.0289 | Test Loss: 0.0080
   ↳ MedAE -> Cost: $1876.91 | Cycle Time: 252.6s | Wait Time: 221.1s
Epoch [30/10000] | Train Loss: 0.0244 | Test Loss: 0.0098
   ↳ MedAE -> Cost: $1848.85 | Cycle Time: 246.2s | Wait Time: 210.9s
Epoch [35/10000] | Train Loss: 0.0237 | Test Loss: 0.0086
   ↳ MedAE -> Cost: $1779.45 | Cycle Time: 309.6s | Wait Time: 235.7s
Epoch [40/10000] | Train Loss: 0.0184 | Test Loss: 0.0067
   ↳ MedAE -> Cost: $1680.52 | Cycle Time: 220.3s | Wait Time: 197.0s
Epoch [45/10000] | Train Loss: 0.0182 | Test Loss: 0.0089
   ↳ MedAE -> Cost: $1723.81 | Cycle Time: 252.4s | Wait Time: 215.5s
Epoch [50/10000] | Train Loss: 0.0211 | Test Loss: 0.0074
   ↳ MedAE -> Cost: $1803.94 | Cycle Time: 263.3s | Wait Time: 228.0s
Epoch [55/10000] | Train Loss: 0.0189 | Test Loss: 0.0063
   ↳ MedAE -> Cost: $1785.66 | Cycle Time: 233.6s | Wait Time: 197.0s
Epoch [60/10000] | Train Loss: 0.0170 | Test Loss: 0.0066
   ↳ MedAE -> Cost: $1717.27 | Cycle Time: 231.4s | Wait Time: 223.4s
Epoch [65/10000] | Train Loss: 0.0158 | Test Loss: 0.0074
   ↳ MedAE -> Cost: $1771.27 | Cycle Time: 196.0s | Wait Time: 193.4s
Epoch [70/10000] | Train Loss: 0.0164 | Test Loss: 0.0083
   ↳ MedAE -> Cost: $1858.30 | Cycle Time: 294.9s | Wait Time: 223.2s
Epoch [75/10000] | Train Loss: 0.0140 | Test Loss: 0.0046
   ↳ MedAE -> Cost: $1679.19 | Cycle Time: 201.0s | Wait Time: 178.4s
Epoch [80/10000] | Train Loss: 0.0160 | Test Loss: 0.0077
   ↳ MedAE -> Cost: $1759.51 | Cycle Time: 211.0s | Wait Time: 211.2s
Epoch [85/10000] | Train Loss: 0.0153 | Test Loss: 0.0074
   ↳ MedAE -> Cost: $1734.12 | Cycle Time: 220.6s | Wait Time: 195.8s
Epoch [90/10000] | Train Loss: 0.0150 | Test Loss: 0.0064
   ↳ MedAE -> Cost: $1794.97 | Cycle Time: 278.2s | Wait Time: 266.6s
Epoch [95/10000] | Train Loss: 0.0146 | Test Loss: 0.0054
   ↳ MedAE -> Cost: $1818.90 | Cycle Time: 201.9s | Wait Time: 188.3s
Epoch [100/10000] | Train Loss: 0.0163 | Test Loss: 0.0067
   ↳ MedAE -> Cost: $1769.25 | Cycle Time: 232.2s | Wait Time: 178.6s
Epoch [105/10000] | Train Loss: 0.0112 | Test Loss: 0.0052
   ↳ MedAE -> Cost: $1747.49 | Cycle Time: 235.4s | Wait Time: 215.0s
Epoch [110/10000] | Train Loss: 0.0143 | Test Loss: 0.0056
   ↳ MedAE -> Cost: $1750.23 | Cycle Time: 213.0s | Wait Time: 198.1s
Epoch [115/10000] | Train Loss: 0.0125 | Test Loss: 0.0093
   ↳ MedAE -> Cost: $1812.61 | Cycle Time: 237.7s | Wait Time: 183.9s
Epoch [120/10000] | Train Loss: 0.0144 | Test Loss: 0.0089
   ↳ MedAE -> Cost: $1664.07 | Cycle Time: 255.6s | Wait Time: 251.7s
Epoch [125/10000] | Train Loss: 0.0164 | Test Loss: 0.0070
   ↳ MedAE -> Cost: $1722.09 | Cycle Time: 289.1s | Wait Time: 234.1s
Epoch [130/10000] | Train Loss: 0.0125 | Test Loss: 0.0051
   ↳ MedAE -> Cost: $1678.72 | Cycle Time: 199.5s | Wait Time: 178.1s
Epoch [135/10000] | Train Loss: 0.0118 | Test Loss: 0.0061
   ↳ MedAE -> Cost: $1759.56 | Cycle Time: 183.0s | Wait Time: 182.4s
Epoch [140/10000] | Train Loss: 0.0122 | Test Loss: 0.0061
   ↳ MedAE -> Cost: $1735.73 | Cycle Time: 228.8s | Wait Time: 187.2s
Epoch [145/10000] | Train Loss: 0.0190 | Test Loss: 0.0067
   ↳ MedAE -> Cost: $1724.93 | Cycle Time: 255.0s | Wait Time: 193.7s
Epoch [150/10000] | Train Loss: 0.0105 | Test Loss: 0.0043
   ↳ MedAE -> Cost: $1651.45 | Cycle Time: 177.9s | Wait Time: 172.9s
Epoch [155/10000] | Train Loss: 0.0115 | Test Loss: 0.0049
   ↳ MedAE -> Cost: $1677.83 | Cycle Time: 195.8s | Wait Time: 184.1s
Epoch [160/10000] | Train Loss: 0.0147 | Test Loss: 0.0091
   ↳ MedAE -> Cost: $1696.70 | Cycle Time: 214.3s | Wait Time: 196.6s
Epoch [165/10000] | Train Loss: 0.0157 | Test Loss: 0.0092
   ↳ MedAE -> Cost: $1788.53 | Cycle Time: 244.5s | Wait Time: 212.2s
Epoch [170/10000] | Train Loss: 0.0151 | Test Loss: 0.0049
   ↳ MedAE -> Cost: $1733.85 | Cycle Time: 205.7s | Wait Time: 184.6s
Epoch [175/10000] | Train Loss: 0.0121 | Test Loss: 0.0054
   ↳ MedAE -> Cost: $1710.22 | Cycle Time: 183.8s | Wait Time: 177.4s
Epoch [180/10000] | Train Loss: 0.0112 | Test Loss: 0.0045
   ↳ MedAE -> Cost: $1723.34 | Cycle Time: 184.0s | Wait Time: 165.8s
Epoch [185/10000] | Train Loss: 0.0115 | Test Loss: 0.0046
   ↳ MedAE -> Cost: $1750.56 | Cycle Time: 189.3s | Wait Time: 178.3s
Epoch [190/10000] | Train Loss: 0.0117 | Test Loss: 0.0063
   ↳ MedAE -> Cost: $1848.09 | Cycle Time: 204.3s | Wait Time: 174.6s
Epoch [195/10000] | Train Loss: 0.0109 | Test Loss: 0.0083
   ↳ MedAE -> Cost: $1776.63 | Cycle Time: 195.9s | Wait Time: 183.1s
Epoch [200/10000] | Train Loss: 0.0100 | Test Loss: 0.0044
   ↳ MedAE -> Cost: $1710.83 | Cycle Time: 183.9s | Wait Time: 182.3s
Epoch [205/10000] | Train Loss: 0.0099 | Test Loss: 0.0054
   ↳ MedAE -> Cost: $1723.45 | Cycle Time: 178.6s | Wait Time: 173.5s
Epoch [210/10000] | Train Loss: 0.0108 | Test Loss: 0.0061
   ↳ MedAE -> Cost: $1696.05 | Cycle Time: 180.3s | Wait Time: 179.0s
Epoch [215/10000] | Train Loss: 0.0159 | Test Loss: 0.0044
   ↳ MedAE -> Cost: $1691.69 | Cycle Time: 188.6s | Wait Time: 181.1s
Epoch [220/10000] | Train Loss: 0.0104 | Test Loss: 0.0065
   ↳ MedAE -> Cost: $1666.46 | Cycle Time: 173.9s | Wait Time: 171.8s
Epoch [225/10000] | Train Loss: 0.0117 | Test Loss: 0.0059
   ↳ MedAE -> Cost: $1701.56 | Cycle Time: 225.9s | Wait Time: 209.2s
Epoch [230/10000] | Train Loss: 0.0092 | Test Loss: 0.0049
   ↳ MedAE -> Cost: $1672.93 | Cycle Time: 171.9s | Wait Time: 169.8s
Epoch [235/10000] | Train Loss: 0.0104 | Test Loss: 0.0046
   ↳ MedAE -> Cost: $1743.49 | Cycle Time: 184.7s | Wait Time: 180.1s
Epoch [240/10000] | Train Loss: 0.0100 | Test Loss: 0.0064
   ↳ MedAE -> Cost: $1687.06 | Cycle Time: 201.5s | Wait Time: 182.4s
Epoch [245/10000] | Train Loss: 0.0146 | Test Loss: 0.0092
   ↳ MedAE -> Cost: $1819.99 | Cycle Time: 205.1s | Wait Time: 191.2s
Epoch [250/10000] | Train Loss: 0.0096 | Test Loss: 0.0054
   ↳ MedAE -> Cost: $1733.27 | Cycle Time: 185.2s | Wait Time: 178.2s
Epoch [255/10000] | Train Loss: 0.0095 | Test Loss: 0.0042
   ↳ MedAE -> Cost: $1690.11 | Cycle Time: 205.0s | Wait Time: 189.9s
Epoch [260/10000] | Train Loss: 0.0112 | Test Loss: 0.0054
   ↳ MedAE -> Cost: $1711.07 | Cycle Time: 204.2s | Wait Time: 175.2s
Epoch [265/10000] | Train Loss: 0.0104 | Test Loss: 0.0051
   ↳ MedAE -> Cost: $1694.53 | Cycle Time: 187.4s | Wait Time: 173.8s
Epoch [270/10000] | Train Loss: 0.0090 | Test Loss: 0.0037
   ↳ MedAE -> Cost: $1679.40 | Cycle Time: 165.9s | Wait Time: 159.9s
Epoch [275/10000] | Train Loss: 0.0102 | Test Loss: 0.0058
   ↳ MedAE -> Cost: $1749.08 | Cycle Time: 198.4s | Wait Time: 179.6s
Epoch [280/10000] | Train Loss: 0.0090 | Test Loss: 0.0042
   ↳ MedAE -> Cost: $1641.63 | Cycle Time: 182.3s | Wait Time: 167.8s
Epoch [285/10000] | Train Loss: 0.0108 | Test Loss: 0.0049
   ↳ MedAE -> Cost: $1687.79 | Cycle Time: 204.3s | Wait Time: 173.8s
Epoch [290/10000] | Train Loss: 0.0093 | Test Loss: 0.0057
   ↳ MedAE -> Cost: $1677.57 | Cycle Time: 246.7s | Wait Time: 207.0s
Epoch [295/10000] | Train Loss: 0.0097 | Test Loss: 0.0049
   ↳ MedAE -> Cost: $1693.10 | Cycle Time: 196.5s | Wait Time: 186.5s
Epoch [300/10000] | Train Loss: 0.0112 | Test Loss: 0.0046
   ↳ MedAE -> Cost: $1683.97 | Cycle Time: 187.0s | Wait Time: 191.2s
Epoch [305/10000] | Train Loss: 0.0106 | Test Loss: 0.0059
   ↳ MedAE -> Cost: $1668.06 | Cycle Time: 195.9s | Wait Time: 174.7s
Epoch [310/10000] | Train Loss: 0.0089 | Test Loss: 0.0047
   ↳ MedAE -> Cost: $1691.72 | Cycle Time: 174.8s | Wait Time: 170.0s
Epoch [315/10000] | Train Loss: 0.0104 | Test Loss: 0.0082
   ↳ MedAE -> Cost: $1731.61 | Cycle Time: 186.3s | Wait Time: 182.7s
Epoch [320/10000] | Train Loss: 0.0105 | Test Loss: 0.0049
   ↳ MedAE -> Cost: $1699.67 | Cycle Time: 177.0s | Wait Time: 171.7s
Epoch [325/10000] | Train Loss: 0.0102 | Test Loss: 0.0057
   ↳ MedAE -> Cost: $1713.39 | Cycle Time: 182.6s | Wait Time: 168.9s
Epoch [330/10000] | Train Loss: 0.0103 | Test Loss: 0.0061
   ↳ MedAE -> Cost: $1763.24 | Cycle Time: 182.8s | Wait Time: 182.6s
Epoch [335/10000] | Train Loss: 0.0094 | Test Loss: 0.0085
   ↳ MedAE -> Cost: $1658.26 | Cycle Time: 181.5s | Wait Time: 181.1s
Epoch [340/10000] | Train Loss: 0.0085 | Test Loss: 0.0043
   ↳ MedAE -> Cost: $1668.48 | Cycle Time: 180.8s | Wait Time: 162.6s
Epoch [345/10000] | Train Loss: 0.0091 | Test Loss: 0.0057
   ↳ MedAE -> Cost: $1653.38 | Cycle Time: 192.9s | Wait Time: 178.2s
Epoch [350/10000] | Train Loss: 0.0091 | Test Loss: 0.0050
   ↳ MedAE -> Cost: $1716.57 | Cycle Time: 185.5s | Wait Time: 179.1s
Epoch [355/10000] | Train Loss: 0.0091 | Test Loss: 0.0059
   ↳ MedAE -> Cost: $1670.36 | Cycle Time: 231.9s | Wait Time: 219.1s
Epoch [360/10000] | Train Loss: 0.0085 | Test Loss: 0.0040
   ↳ MedAE -> Cost: $1708.09 | Cycle Time: 180.0s | Wait Time: 181.5s
Epoch [365/10000] | Train Loss: 0.0094 | Test Loss: 0.0040
   ↳ MedAE -> Cost: $1695.98 | Cycle Time: 180.9s | Wait Time: 165.9s
Epoch [370/10000] | Train Loss: 0.0091 | Test Loss: 0.0044
   ↳ MedAE -> Cost: $1643.77 | Cycle Time: 191.2s | Wait Time: 194.5s
Epoch [375/10000] | Train Loss: 0.0098 | Test Loss: 0.0066
   ↳ MedAE -> Cost: $1732.89 | Cycle Time: 220.7s | Wait Time: 218.3s
Epoch [380/10000] | Train Loss: 0.0086 | Test Loss: 0.0070
   ↳ MedAE -> Cost: $1660.32 | Cycle Time: 216.8s | Wait Time: 184.1s
Epoch [385/10000] | Train Loss: 0.0080 | Test Loss: 0.0061
   ↳ MedAE -> Cost: $1644.70 | Cycle Time: 176.2s | Wait Time: 156.9s
Epoch [390/10000] | Train Loss: 0.0082 | Test Loss: 0.0040
   ↳ MedAE -> Cost: $1658.75 | Cycle Time: 179.7s | Wait Time: 169.0s
Epoch [395/10000] | Train Loss: 0.0083 | Test Loss: 0.0038
   ↳ MedAE -> Cost: $1734.35 | Cycle Time: 164.2s | Wait Time: 164.2s
Epoch [400/10000] | Train Loss: 0.0081 | Test Loss: 0.0041
   ↳ MedAE -> Cost: $1700.07 | Cycle Time: 162.1s | Wait Time: 154.5s
Epoch [405/10000] | Train Loss: 0.0075 | Test Loss: 0.0037
   ↳ MedAE -> Cost: $1654.78 | Cycle Time: 166.0s | Wait Time: 165.2s
Epoch [410/10000] | Train Loss: 0.0084 | Test Loss: 0.0042
   ↳ MedAE -> Cost: $1756.12 | Cycle Time: 180.4s | Wait Time: 171.6s
Epoch [415/10000] | Train Loss: 0.0085 | Test Loss: 0.0038
   ↳ MedAE -> Cost: $1720.76 | Cycle Time: 171.7s | Wait Time: 174.7s
Epoch [420/10000] | Train Loss: 0.0079 | Test Loss: 0.0040
   ↳ MedAE -> Cost: $1679.61 | Cycle Time: 173.5s | Wait Time: 161.2s
Epoch [425/10000] | Train Loss: 0.0094 | Test Loss: 0.0048
   ↳ MedAE -> Cost: $1701.99 | Cycle Time: 174.7s | Wait Time: 159.0s
Epoch [430/10000] | Train Loss: 0.0090 | Test Loss: 0.0051
   ↳ MedAE -> Cost: $1671.75 | Cycle Time: 189.1s | Wait Time: 184.5s
Epoch [435/10000] | Train Loss: 0.0082 | Test Loss: 0.0040
   ↳ MedAE -> Cost: $1658.07 | Cycle Time: 201.9s | Wait Time: 179.5s
Epoch [440/10000] | Train Loss: 0.0079 | Test Loss: 0.0037
   ↳ MedAE -> Cost: $1667.87 | Cycle Time: 163.7s | Wait Time: 164.1s
Epoch [445/10000] | Train Loss: 0.0086 | Test Loss: 0.0039
   ↳ MedAE -> Cost: $1665.41 | Cycle Time: 171.3s | Wait Time: 157.9s
Epoch [450/10000] | Train Loss: 0.0079 | Test Loss: 0.0038
   ↳ MedAE -> Cost: $1692.12 | Cycle Time: 192.3s | Wait Time: 158.8s
Epoch [455/10000] | Train Loss: 0.0084 | Test Loss: 0.0042
   ↳ MedAE -> Cost: $1757.09 | Cycle Time: 179.4s | Wait Time: 197.9s
Epoch [460/10000] | Train Loss: 0.0081 | Test Loss: 0.0043
   ↳ MedAE -> Cost: $1663.49 | Cycle Time: 166.9s | Wait Time: 153.9s
Epoch [465/10000] | Train Loss: 0.0075 | Test Loss: 0.0036
   ↳ MedAE -> Cost: $1667.13 | Cycle Time: 184.1s | Wait Time: 165.7s
Epoch [470/10000] | Train Loss: 0.0076 | Test Loss: 0.0042
   ↳ MedAE -> Cost: $1691.50 | Cycle Time: 169.2s | Wait Time: 165.7s
Epoch [475/10000] | Train Loss: 0.0071 | Test Loss: 0.0038
   ↳ MedAE -> Cost: $1689.84 | Cycle Time: 169.6s | Wait Time: 162.3s
Epoch [480/10000] | Train Loss: 0.0083 | Test Loss: 0.0037
   ↳ MedAE -> Cost: $1655.42 | Cycle Time: 191.9s | Wait Time: 174.4s
Epoch [485/10000] | Train Loss: 0.0076 | Test Loss: 0.0039
   ↳ MedAE -> Cost: $1643.16 | Cycle Time: 199.1s | Wait Time: 174.3s
Epoch [490/10000] | Train Loss: 0.0076 | Test Loss: 0.0048
   ↳ MedAE -> Cost: $1673.41 | Cycle Time: 250.6s | Wait Time: 229.5s
Epoch [495/10000] | Train Loss: 0.0075 | Test Loss: 0.0037
   ↳ MedAE -> Cost: $1780.39 | Cycle Time: 191.2s | Wait Time: 156.6s
Epoch [500/10000] | Train Loss: 0.0077 | Test Loss: 0.0050
   ↳ MedAE -> Cost: $1700.80 | Cycle Time: 175.2s | Wait Time: 166.1s
Epoch [505/10000] | Train Loss: 0.0076 | Test Loss: 0.0037
   ↳ MedAE -> Cost: $1665.61 | Cycle Time: 158.2s | Wait Time: 155.3s
Epoch [510/10000] | Train Loss: 0.0083 | Test Loss: 0.0054
   ↳ MedAE -> Cost: $1725.73 | Cycle Time: 175.3s | Wait Time: 172.3s
Epoch [515/10000] | Train Loss: 0.0101 | Test Loss: 0.0114
   ↳ MedAE -> Cost: $1735.02 | Cycle Time: 188.7s | Wait Time: 175.3s
Epoch [520/10000] | Train Loss: 0.0075 | Test Loss: 0.0045
   ↳ MedAE -> Cost: $1721.80 | Cycle Time: 168.7s | Wait Time: 168.6s
Epoch [525/10000] | Train Loss: 0.0077 | Test Loss: 0.0061
   ↳ MedAE -> Cost: $1719.81 | Cycle Time: 185.1s | Wait Time: 176.5s
Epoch [530/10000] | Train Loss: 0.0075 | Test Loss: 0.0048
   ↳ MedAE -> Cost: $1688.56 | Cycle Time: 172.9s | Wait Time: 166.4s
Epoch [535/10000] | Train Loss: 0.0080 | Test Loss: 0.0041
   ↳ MedAE -> Cost: $1655.83 | Cycle Time: 181.8s | Wait Time: 156.4s
Epoch [540/10000] | Train Loss: 0.0070 | Test Loss: 0.0036
   ↳ MedAE -> Cost: $1644.97 | Cycle Time: 169.9s | Wait Time: 156.7s
Epoch [545/10000] | Train Loss: 0.0075 | Test Loss: 0.0038
   ↳ MedAE -> Cost: $1677.70 | Cycle Time: 171.6s | Wait Time: 154.2s
Epoch [550/10000] | Train Loss: 0.0075 | Test Loss: 0.0036
   ↳ MedAE -> Cost: $1651.49 | Cycle Time: 206.1s | Wait Time: 200.2s
Epoch [555/10000] | Train Loss: 0.0075 | Test Loss: 0.0039
   ↳ MedAE -> Cost: $1646.73 | Cycle Time: 180.6s | Wait Time: 166.3s
Epoch [560/10000] | Train Loss: 0.0074 | Test Loss: 0.0044
   ↳ MedAE -> Cost: $1717.31 | Cycle Time: 177.2s | Wait Time: 173.3s
Epoch [565/10000] | Train Loss: 0.0074 | Test Loss: 0.0039
   ↳ MedAE -> Cost: $1669.92 | Cycle Time: 169.4s | Wait Time: 166.3s
Epoch [570/10000] | Train Loss: 0.0081 | Test Loss: 0.0044
   ↳ MedAE -> Cost: $1690.16 | Cycle Time: 188.8s | Wait Time: 169.8s
Epoch [575/10000] | Train Loss: 0.0074 | Test Loss: 0.0036
   ↳ MedAE -> Cost: $1648.53 | Cycle Time: 169.8s | Wait Time: 154.3s
Epoch [580/10000] | Train Loss: 0.0073 | Test Loss: 0.0043
   ↳ MedAE -> Cost: $1692.23 | Cycle Time: 162.3s | Wait Time: 155.3s
Epoch [585/10000] | Train Loss: 0.0077 | Test Loss: 0.0041
   ↳ MedAE -> Cost: $1738.65 | Cycle Time: 169.9s | Wait Time: 155.3s
Epoch [590/10000] | Train Loss: 0.0111 | Test Loss: 0.0041
   ↳ MedAE -> Cost: $1714.62 | Cycle Time: 177.1s | Wait Time: 155.8s
Epoch [595/10000] | Train Loss: 0.0077 | Test Loss: 0.0037
   ↳ MedAE -> Cost: $1661.13 | Cycle Time: 165.3s | Wait Time: 157.5s
Epoch [600/10000] | Train Loss: 0.0072 | Test Loss: 0.0034
   ↳ MedAE -> Cost: $1710.46 | Cycle Time: 167.1s | Wait Time: 153.8s
Epoch [605/10000] | Train Loss: 0.0077 | Test Loss: 0.0041
   ↳ MedAE -> Cost: $1690.66 | Cycle Time: 188.6s | Wait Time: 172.5s
Epoch [610/10000] | Train Loss: 0.0085 | Test Loss: 0.0072
   ↳ MedAE -> Cost: $1678.83 | Cycle Time: 190.7s | Wait Time: 172.7s
Epoch [615/10000] | Train Loss: 0.0090 | Test Loss: 0.0075
   ↳ MedAE -> Cost: $1694.69 | Cycle Time: 185.4s | Wait Time: 163.2s
Epoch [620/10000] | Train Loss: 0.0073 | Test Loss: 0.0048
   ↳ MedAE -> Cost: $1651.68 | Cycle Time: 189.7s | Wait Time: 174.9s
Epoch [625/10000] | Train Loss: 0.0105 | Test Loss: 0.0041
   ↳ MedAE -> Cost: $1652.48 | Cycle Time: 167.5s | Wait Time: 163.7s
Epoch [630/10000] | Train Loss: 0.0084 | Test Loss: 0.0065
   ↳ MedAE -> Cost: $1652.95 | Cycle Time: 169.3s | Wait Time: 159.7s
Epoch [635/10000] | Train Loss: 0.0074 | Test Loss: 0.0076
   ↳ MedAE -> Cost: $1733.02 | Cycle Time: 198.6s | Wait Time: 170.6s
Epoch [640/10000] | Train Loss: 0.0082 | Test Loss: 0.0078
   ↳ MedAE -> Cost: $1705.22 | Cycle Time: 168.2s | Wait Time: 159.7s
Epoch [645/10000] | Train Loss: 0.0075 | Test Loss: 0.0051
   ↳ MedAE -> Cost: $1666.22 | Cycle Time: 174.5s | Wait Time: 162.7s
Epoch [650/10000] | Train Loss: 0.0071 | Test Loss: 0.0062
   ↳ MedAE -> Cost: $1650.30 | Cycle Time: 176.6s | Wait Time: 170.8s
Epoch [655/10000] | Train Loss: 0.0105 | Test Loss: 0.0061
   ↳ MedAE -> Cost: $1727.88 | Cycle Time: 184.5s | Wait Time: 165.2s
Epoch [660/10000] | Train Loss: 0.0094 | Test Loss: 0.0052
   ↳ MedAE -> Cost: $1705.03 | Cycle Time: 169.3s | Wait Time: 162.1s
Epoch [665/10000] | Train Loss: 0.0072 | Test Loss: 0.0040
   ↳ MedAE -> Cost: $1719.80 | Cycle Time: 260.8s | Wait Time: 231.0s
Epoch [670/10000] | Train Loss: 0.0071 | Test Loss: 0.0063
   ↳ MedAE -> Cost: $1774.42 | Cycle Time: 172.5s | Wait Time: 156.4s
Epoch [675/10000] | Train Loss: 0.0072 | Test Loss: 0.0042
   ↳ MedAE -> Cost: $1911.01 | Cycle Time: 206.2s | Wait Time: 210.9s
Epoch [680/10000] | Train Loss: 0.0087 | Test Loss: 0.0054
   ↳ MedAE -> Cost: $1677.23 | Cycle Time: 182.9s | Wait Time: 162.6s
Epoch [685/10000] | Train Loss: 0.0080 | Test Loss: 0.0045
   ↳ MedAE -> Cost: $1730.76 | Cycle Time: 171.0s | Wait Time: 158.8s
Epoch [690/10000] | Train Loss: 0.0075 | Test Loss: 0.0041
   ↳ MedAE -> Cost: $1654.33 | Cycle Time: 180.5s | Wait Time: 169.9s
Epoch [695/10000] | Train Loss: 0.0072 | Test Loss: 0.0106
   ↳ MedAE -> Cost: $1788.78 | Cycle Time: 198.6s | Wait Time: 176.5s
Epoch [700/10000] | Train Loss: 0.0073 | Test Loss: 0.0044
   ↳ MedAE -> Cost: $1699.16 | Cycle Time: 204.7s | Wait Time: 192.4s
Epoch [705/10000] | Train Loss: 0.0067 | Test Loss: 0.0039
   ↳ MedAE -> Cost: $1672.91 | Cycle Time: 164.7s | Wait Time: 154.5s
Epoch [710/10000] | Train Loss: 0.0074 | Test Loss: 0.0038
   ↳ MedAE -> Cost: $1642.40 | Cycle Time: 178.3s | Wait Time: 155.5s
Epoch [715/10000] | Train Loss: 0.0070 | Test Loss: 0.0057
   ↳ MedAE -> Cost: $1761.07 | Cycle Time: 167.4s | Wait Time: 158.3s
Epoch [720/10000] | Train Loss: 0.0069 | Test Loss: 0.0057
   ↳ MedAE -> Cost: $1709.63 | Cycle Time: 165.9s | Wait Time: 158.1s
Epoch [725/10000] | Train Loss: 0.0067 | Test Loss: 0.0053
   ↳ MedAE -> Cost: $1646.96 | Cycle Time: 162.2s | Wait Time: 155.0s
Epoch [730/10000] | Train Loss: 0.0073 | Test Loss: 0.0084
   ↳ MedAE -> Cost: $1782.87 | Cycle Time: 208.2s | Wait Time: 167.7s
Epoch [735/10000] | Train Loss: 0.0071 | Test Loss: 0.0040
   ↳ MedAE -> Cost: $1660.09 | Cycle Time: 181.7s | Wait Time: 151.9s
Epoch [740/10000] | Train Loss: 0.0078 | Test Loss: 0.0070
   ↳ MedAE -> Cost: $1671.32 | Cycle Time: 175.0s | Wait Time: 164.5s
Epoch [745/10000] | Train Loss: 0.0067 | Test Loss: 0.0052
   ↳ MedAE -> Cost: $1686.54 | Cycle Time: 165.0s | Wait Time: 151.4s
Epoch [750/10000] | Train Loss: 0.0066 | Test Loss: 0.0052
   ↳ MedAE -> Cost: $1823.99 | Cycle Time: 182.9s | Wait Time: 163.9s
Epoch [755/10000] | Train Loss: 0.0064 | Test Loss: 0.0035
   ↳ MedAE -> Cost: $1686.13 | Cycle Time: 175.1s | Wait Time: 150.3s
Epoch [760/10000] | Train Loss: 0.0065 | Test Loss: 0.0046
   ↳ MedAE -> Cost: $1667.74 | Cycle Time: 163.8s | Wait Time: 157.5s
Epoch [765/10000] | Train Loss: 0.0071 | Test Loss: 0.0047
   ↳ MedAE -> Cost: $1666.82 | Cycle Time: 161.0s | Wait Time: 154.0s
Epoch [770/10000] | Train Loss: 0.0069 | Test Loss: 0.0048
   ↳ MedAE -> Cost: $1709.58 | Cycle Time: 184.4s | Wait Time: 187.3s
Epoch [775/10000] | Train Loss: 0.0063 | Test Loss: 0.0039
   ↳ MedAE -> Cost: $1713.89 | Cycle Time: 159.5s | Wait Time: 157.9s
Epoch [780/10000] | Train Loss: 0.0066 | Test Loss: 0.0071
   ↳ MedAE -> Cost: $1690.98 | Cycle Time: 178.0s | Wait Time: 164.6s
Epoch [785/10000] | Train Loss: 0.0067 | Test Loss: 0.0046
   ↳ MedAE -> Cost: $1735.72 | Cycle Time: 197.9s | Wait Time: 158.7s
Epoch [790/10000] | Train Loss: 0.0071 | Test Loss: 0.0049
   ↳ MedAE -> Cost: $1651.58 | Cycle Time: 165.2s | Wait Time: 165.3s
Epoch [795/10000] | Train Loss: 0.0068 | Test Loss: 0.0034
   ↳ MedAE -> Cost: $1697.79 | Cycle Time: 160.1s | Wait Time: 159.2s
Epoch [800/10000] | Train Los