[I 2026-08-10 15:54:28,148] Trial 0 finished with value: 0.03468947200015605 and parameters: {'lr': 0.0001025350969016849, 'weight_decay': 0.006351221010640699, 'dropout_rate': 0.3793972738151323, 'batch_size': 64}. Best is trial 0 with value: 0.03468947200015605.
[I 2026-08-10 15:59:11,898] Trial 1 finished with value: 0.01062749245524701 and parameters: {'lr': 0.002176624112345368, 'weight_decay': 0.00025378155082656634, 'dropout_rate': 0.3686326600082205, 'batch_size': 128}. Best is trial 1 with value: 0.01062749245524701.
[I 2026-08-10 16:00:33,325] Trial 2 finished with value: 0.06574824406984807 and parameters: {'lr': 3.095566460242367e-05, 'weight_decay': 5.415244119402541e-06, 'dropout_rate': 0.18690900933179197, 'batch_size': 512}. Best is trial 1 with value: 0.01062749245524701.
[I 2026-08-10 16:05:16,601] Trial 3 finished with value: 0.06044861484668793 and parameters: {'lr': 2.3795221163877236e-05, 'weight_decay': 1.4742753159914688e-05, 'dropout_rate': 0.21486282948216126, 'batch_size': 128}. Best is trial 1 with value: 0.01062749245524701.
[I 2026-08-10 16:06:36,373] Trial 4 finished with value: 0.011456504663609006 and parameters: {'lr': 0.00039710847107924746, 'weight_decay': 1.5339162591163623e-06, 'dropout_rate': 0.32339518335564726, 'batch_size': 512}. Best is trial 1 with value: 0.01062749245524701.
[I 2026-08-10 16:15:48,123] Trial 5 finished with value: 0.009923296596983806 and parameters: {'lr': 0.0015199881220083974, 'weight_decay': 1.6536937182824424e-05, 'dropout_rate': 0.09395245130287275, 'batch_size': 64}. Best is trial 5 with value: 0.009923296596983806.
[I 2026-08-10 16:17:16,709] Trial 6 pruned. 
[I 2026-08-10 16:18:44,951] Trial 7 pruned. 
[I 2026-08-10 16:18:59,128] Trial 8 pruned. 
[I 2026-08-10 16:19:12,448] Trial 9 pruned. 
[I 2026-08-10 16:21:42,088] Trial 10 finished with value: 0.008318302717176458 and parameters: {'lr': 0.004123205892066725, 'weight_decay': 0.00017195055939855968, 'dropout_rate': 0.4862916998545396, 'batch_size': 256}. Best is trial 10 with value: 0.008318302717176458.
[I 2026-08-10 16:24:10,107] Trial 11 finished with value: 0.008342939144371713 and parameters: {'lr': 0.004493237557441468, 'weight_decay': 0.00016000992990038095, 'dropout_rate': 0.4860064702169915, 'batch_size': 256}. Best is trial 10 with value: 0.008318302717176458.
[I 2026-08-10 16:26:37,992] Trial 12 finished with value: 0.01034005966553038 and parameters: {'lr': 0.00449135250779887, 'weight_decay': 0.0001701962735334531, 'dropout_rate': 0.4980153244584545, 'batch_size': 256}. Best is trial 10 with value: 0.008318302717176458.
[I 2026-08-10 16:27:01,976] Trial 13 pruned. 
[I 2026-08-10 16:27:25,937] Trial 14 pruned. 
[I 2026-08-10 16:27:49,601] Trial 15 pruned. 
[I 2026-08-10 16:28:13,321] Trial 16 pruned. 
[I 2026-08-10 16:30:41,073] Trial 17 finished with value: 0.010253730239239221 and parameters: {'lr': 0.0031294740995830863, 'weight_decay': 6.701521675295788e-05, 'dropout_rate': 0.49971309738869824, 'batch_size': 256}. Best is trial 10 with value: 0.008318302717176458.
[I 2026-08-10 16:31:04,987] Trial 18 pruned. 
[I 2026-08-10 16:31:28,843] Trial 19 pruned. 
[I 2026-08-10 16:36:12,519] Trial 20 finished with value: 0.011482162826082361 and parameters: {'lr': 0.0023564357532783065, 'weight_decay': 0.0022584339968514445, 'dropout_rate': 0.2569838718725217, 'batch_size': 128}. Best is trial 10 with value: 0.008318302717176458.
[I 2026-08-10 16:37:41,342] Trial 21 pruned. 
[I 2026-08-10 16:41:38,874] Trial 22 pruned. 
[I 2026-08-10 16:43:07,664] Trial 23 pruned. 
[I 2026-08-10 16:43:31,468] Trial 24 pruned. 
[I 2026-08-10 16:43:55,269] Trial 25 pruned. 
[I 2026-08-10 16:45:24,025] Trial 26 pruned. 
[I 2026-08-10 16:46:09,430] Trial 27 pruned. 
[I 2026-08-10 16:46:33,208] Trial 28 pruned. 
[I 2026-08-10 16:48:01,860] Trial 29 pruned. 
[I 2026-08-10 16:49:30,909] Trial 30 pruned. 
[I 2026-08-10 16:49:54,493] Trial 31 pruned. 
[I 2026-08-10 16:50:18,494] Trial 32 pruned. 
[I 2026-08-10 16:50:42,120] Trial 33 pruned. 
[I 2026-08-10 16:51:05,923] Trial 34 pruned. 
[I 2026-08-10 16:51:51,433] Trial 35 pruned. 
[I 2026-08-10 16:52:04,626] Trial 36 pruned. 
[I 2026-08-10 16:54:32,842] Trial 37 finished with value: 0.006173280098427952 and parameters: {'lr': 0.0023651529090173745, 'weight_decay': 3.502312851092156e-06, 'dropout_rate': 0.15841637766604488, 'batch_size': 256}. Best is trial 37 with value: 0.006173280098427952.
[I 2026-08-10 16:59:17,054] Trial 38 finished with value: 0.0077828835969088106 and parameters: {'lr': 0.0019420906104781319, 'weight_decay': 1.8746858266738821e-06, 'dropout_rate': 0.13102165903577057, 'batch_size': 128}. Best is trial 37 with value: 0.006173280098427952.
[I 2026-08-10 17:04:01,455] Trial 39 finished with value: 0.014933136437560817 and parameters: {'lr': 0.002266268814480284, 'weight_decay': 1.30301337736072e-06, 'dropout_rate': 0.16938428978533493, 'batch_size': 128}. Best is trial 37 with value: 0.006173280098427952.
[I 2026-08-10 17:08:47,696] Trial 40 finished with value: 0.011980894798047755 and parameters: {'lr': 0.0049780943113524045, 'weight_decay': 2.4984462717786138e-06, 'dropout_rate': 0.20053838391772355, 'batch_size': 128}. Best is trial 37 with value: 0.006173280098427952.
[I 2026-08-10 17:13:32,270] Trial 41 finished with value: 0.008762943085829254 and parameters: {'lr': 0.001106546930130107, 'weight_decay': 2.8083433326867717e-06, 'dropout_rate': 0.10366233928505048, 'batch_size': 128}. Best is trial 37 with value: 0.006173280098427952.
[I 2026-08-10 17:18:17,466] Trial 42 finished with value: 0.006173710146983333 and parameters: {'lr': 0.001098748674250335, 'weight_decay': 2.891910716533818e-06, 'dropout_rate': 0.0945757046198995, 'batch_size': 128}. Best is trial 37 with value: 0.006173280098427952.
[I 2026-08-10 17:23:01,400] Trial 43 finished with value: 0.008967403219659893 and parameters: {'lr': 0.0019363404685329992, 'weight_decay': 4.549379633110647e-06, 'dropout_rate': 0.05616491093650373, 'batch_size': 128}. Best is trial 37 with value: 0.006173280098427952.
[I 2026-08-10 17:27:45,101] Trial 44 finished with value: 0.007194925221588456 and parameters: {'lr': 0.0024626436828201247, 'weight_decay': 1.1346796698729635e-06, 'dropout_rate': 0.14651217520602916, 'batch_size': 128}. Best is trial 37 with value: 0.006173280098427952.
[I 2026-08-10 17:28:30,795] Trial 45 pruned. 
[I 2026-08-10 17:29:16,545] Trial 46 pruned. 
[I 2026-08-10 17:34:00,826] Trial 47 finished with value: 0.00818516209543586 and parameters: {'lr': 0.0013350812201592451, 'weight_decay': 8.356009351083416e-06, 'dropout_rate': 0.10626733389064227, 'batch_size': 128}. Best is trial 37 with value: 0.006173280098427952.
[I 2026-08-10 17:38:44,896] Trial 48 finished with value: 0.006900261305088463 and parameters: {'lr': 0.0006150561832121027, 'weight_decay': 4.420856432505999e-06, 'dropout_rate': 0.1003452782817302, 'batch_size': 128}. Best is trial 37 with value: 0.006173280098427952.
[I 2026-08-10 17:39:30,657] Trial 49 pruned. 
[I 2026-08-10 17:40:18,749] Trial 50 pruned. 
[I 2026-08-10 17:45:03,289] Trial 51 finished with value: 0.0070552780389589375 and parameters: {'lr': 0.00093698622361483, 'weight_decay': 8.086359153480055e-06, 'dropout_rate': 0.10556547664342886, 'batch_size': 128}. Best is trial 37 with value: 0.006173280098427952.
[I 2026-08-10 17:49:47,965] Trial 52 finished with value: 0.007828852182478203 and parameters: {'lr': 0.0009434955906525915, 'weight_decay': 3.950465170176428e-06, 'dropout_rate': 0.14329673415473282, 'batch_size': 128}. Best is trial 37 with value: 0.006173280098427952.
[I 2026-08-10 17:50:33,464] Trial 53 pruned. 
[I 2026-08-10 17:51:30,555] Trial 54 pruned. 
[I 2026-08-10 17:52:51,050] Trial 55 finished with value: 0.00843826713135598 and parameters: {'lr': 0.0009399523683697697, 'weight_decay': 6.171006655615656e-06, 'dropout_rate': 0.05291548666443413, 'batch_size': 512}. Best is trial 37 with value: 0.006173280098427952.
[I 2026-08-10 17:57:35,813] Trial 56 finished with value: 0.011640783351780063 and parameters: {'lr': 0.002558517917195385, 'weight_decay': 1.2100007965922228e-06, 'dropout_rate': 0.1559992673497203, 'batch_size': 128}. Best is trial 37 with value: 0.006173280098427952.
[I 2026-08-10 18:02:20,350] Trial 57 finished with value: 0.011232064747676572 and parameters: {'lr': 0.0012375185209079946, 'weight_decay': 3.1569357626798927e-06, 'dropout_rate': 0.18978088436569168, 'batch_size': 128}. Best is trial 37 with value: 0.006173280098427952.
[I 2026-08-10 18:07:04,906] Trial 58 finished with value: 0.006007060868116295 and parameters: {'lr': 0.0017570467864897257, 'weight_decay': 2.13500374412296e-06, 'dropout_rate': 0.11627219509568461, 'batch_size': 128}. Best is trial 58 with value: 0.006007060868116295.
[I 2026-08-10 18:07:50,522] Trial 59 pruned. 
[I 2026-08-10 18:09:10,779] Trial 60 finished with value: 0.00916339409701784 and parameters: {'lr': 0.0007700655606729422, 'weight_decay': 4.9802982036686604e-06, 'dropout_rate': 0.0866839428626202, 'batch_size': 512}. Best is trial 58 with value: 0.006007060868116295.
[I 2026-08-10 18:13:55,423] Trial 61 finished with value: 0.005159541188173082 and parameters: {'lr': 0.0017347799266751714, 'weight_decay': 2.3037114841114634e-06, 'dropout_rate': 0.1277850783021841, 'batch_size': 128}. Best is trial 61 with value: 0.005159541188173082.
[I 2026-08-10 18:18:43,726] Trial 62 finished with value: 0.009101307186063324 and parameters: {'lr': 0.001540654474210689, 'weight_decay': 9.247320326453176e-06, 'dropout_rate': 0.11153336485529788, 'batch_size': 128}. Best is trial 61 with value: 0.005159541188173082.
[I 2026-08-10 18:23:29,227] Trial 63 finished with value: 0.006137119514846183 and parameters: {'lr': 0.0017009302061824995, 'weight_decay': 2.2144505013245924e-06, 'dropout_rate': 0.14549239331303856, 'batch_size': 128}. Best is trial 61 with value: 0.005159541188173082.
[I 2026-08-10 18:28:14,715] Trial 64 finished with value: 0.008994874045792875 and parameters: {'lr': 0.0010055733253790417, 'weight_decay': 1.8359858799768707e-05, 'dropout_rate': 0.07146630102931126, 'batch_size': 128}. Best is trial 61 with value: 0.005159541188173082.
[I 2026-08-10 18:33:00,349] Trial 65 finished with value: 0.005387575720027212 and parameters: {'lr': 0.0014389747655576932, 'weight_decay': 2.3755887159083323e-06, 'dropout_rate': 0.21406362442174143, 'batch_size': 128}. Best is trial 61 with value: 0.005159541188173082.
[I 2026-08-10 18:37:46,002] Trial 66 finished with value: 0.006160299757823864 and parameters: {'lr': 0.0017615370580815457, 'weight_decay': 2.3155755930092163e-06, 'dropout_rate': 0.22028250556655837, 'batch_size': 128}. Best is trial 61 with value: 0.005159541188173082.
[I 2026-08-10 18:42:31,533] Trial 67 finished with value: 0.008918799726135991 and parameters: {'lr': 0.0017667337535059425, 'weight_decay': 2.449439211838552e-06, 'dropout_rate': 0.22784988019808775, 'batch_size': 128}. Best is trial 61 with value: 0.005159541188173082.
[I 2026-08-10 18:43:17,157] Trial 68 pruned. 
[I 2026-08-10 18:48:02,644] Trial 69 finished with value: 0.011780506863735947 and parameters: {'lr': 0.0036583760768584867, 'weight_decay': 1.4589556995720097e-06, 'dropout_rate': 0.20837449791463808, 'batch_size': 128}. Best is trial 61 with value: 0.005159541188173082.
[I 2026-08-10 18:48:16,711] Trial 70 pruned. 
[I 2026-08-10 18:49:05,200] Trial 71 pruned. 
[I 2026-08-10 18:53:50,166] Trial 72 finished with value: 0.010539259149384557 and parameters: {'lr': 0.0016949491899758058, 'weight_decay': 5.275373342316949e-06, 'dropout_rate': 0.12451659400697185, 'batch_size': 128}. Best is trial 61 with value: 0.005159541188173082.
[I 2026-08-10 18:54:36,025] Trial 73 pruned. 
[I 2026-08-10 18:59:21,405] Trial 74 finished with value: 0.006490653112248396 and parameters: {'lr': 0.001985095399877588, 'weight_decay': 1.4551000469097392e-06, 'dropout_rate': 0.2285817320343386, 'batch_size': 128}. Best is trial 61 with value: 0.005159541188173082.
[I 2026-08-10 19:04:06,794] Trial 75 finished with value: 0.009555917649025088 and parameters: {'lr': 0.0019458097290745236, 'weight_decay': 1.6433701937950992e-06, 'dropout_rate': 0.23211171298843566, 'batch_size': 128}. Best is trial 61 with value: 0.005159541188173082.
[I 2026-08-10 19:04:55,434] Trial 76 pruned. 
[I 2026-08-10 19:09:41,841] Trial 77 finished with value: 0.011032475496119094 and parameters: {'lr': 0.0014040546627119986, 'weight_decay': 3.2331279141689537e-06, 'dropout_rate': 0.1553324127653862, 'batch_size': 128}. Best is trial 61 with value: 0.005159541188173082.
[I 2026-08-10 19:11:16,485] Trial 78 pruned. 
[I 2026-08-10 19:16:01,744] Trial 79 finished with value: 0.011385647167299784 and parameters: {'lr': 0.0017775534999378189, 'weight_decay': 2.2691651106673083e-06, 'dropout_rate': 0.26347268574411586, 'batch_size': 128}. Best is trial 61 with value: 0.005159541188173082.
[I 2026-08-10 19:18:30,548] Trial 80 finished with value: 0.0076833251676532936 and parameters: {'lr': 0.0022417526593720167, 'weight_decay': 1.3766008054529142e-06, 'dropout_rate': 0.2401095000073862, 'batch_size': 256}. Best is trial 61 with value: 0.005159541188173082.
[I 2026-08-10 19:19:16,450] Trial 81 pruned. 
[I 2026-08-10 19:24:02,152] Trial 82 finished with value: 0.006557769666823268 and parameters: {'lr': 0.0015422841286519909, 'weight_decay': 3.336541274776953e-06, 'dropout_rate': 0.06271148178310051, 'batch_size': 128}. Best is trial 61 with value: 0.005159541188173082.
[I 2026-08-10 19:24:47,785] Trial 83 pruned. 
[I 2026-08-10 19:29:33,558] Trial 84 finished with value: 0.006815216947451259 and parameters: {'lr': 0.0015201263856560207, 'weight_decay': 2.027790899435224e-06, 'dropout_rate': 0.06723668351103451, 'batch_size': 128}. Best is trial 61 with value: 0.005159541188173082.
[I 2026-08-10 19:34:19,037] Trial 85 finished with value: 0.008932981650840608 and parameters: {'lr': 0.0029025011193425172, 'weight_decay': 3.6272993727138055e-06, 'dropout_rate': 0.1361482660932379, 'batch_size': 128}. Best is trial 61 with value: 0.005159541188173082.
[I 2026-08-10 19:39:04,717] Trial 86 finished with value: 0.008591803993655391 and parameters: {'lr': 0.003437282802690953, 'weight_decay': 2.654513788718994e-06, 'dropout_rate': 0.2972532041469542, 'batch_size': 128}. Best is trial 61 with value: 0.005159541188173082.
[I 2026-08-10 19:41:33,339] Trial 87 finished with value: 0.004534931331750196 and parameters: {'lr': 0.002124527810073934, 'weight_decay': 1.5671760606050403e-06, 'dropout_rate': 0.11978087067426763, 'batch_size': 256}. Best is trial 87 with value: 0.004534931331750196.
[I 2026-08-10 19:41:58,855] Trial 88 pruned. 
[I 2026-08-10 19:42:23,039] Trial 89 pruned. 
[I 2026-08-10 19:44:51,610] Trial 90 finished with value: 0.004573737758271629 and parameters: {'lr': 0.0026607833116857912, 'weight_decay': 1.0360972005176427e-06, 'dropout_rate': 0.11763752642463418, 'batch_size': 256}. Best is trial 87 with value: 0.004534931331750196.
[I 2026-08-10 19:47:20,294] Trial 91 finished with value: 0.004867523739074512 and parameters: {'lr': 0.002624522889723089, 'weight_decay': 1.043129959529713e-06, 'dropout_rate': 0.12602485596491397, 'batch_size': 256}. Best is trial 87 with value: 0.004534931331750196.
[I 2026-08-10 19:49:48,828] Trial 92 finished with value: 0.009610150392969712 and parameters: {'lr': 0.002683649628643694, 'weight_decay': 1.7999926281892099e-06, 'dropout_rate': 0.1134133391370955, 'batch_size': 256}. Best is trial 87 with value: 0.004534931331750196.
[I 2026-08-10 19:52:17,384] Trial 93 finished with value: 0.007046276015341527 and parameters: {'lr': 0.002321835575214543, 'weight_decay': 0.009358284305436124, 'dropout_rate': 0.12423951146437882, 'batch_size': 256}. Best is trial 87 with value: 0.004534931331750196.
[I 2026-08-10 19:54:46,050] Trial 94 finished with value: 0.004478879215401372 and parameters: {'lr': 0.0017729766735176443, 'weight_decay': 2.102101500970643e-06, 'dropout_rate': 0.09305765707294075, 'batch_size': 256}. Best is trial 94 with value: 0.004478879215401372.
[I 2026-08-10 19:57:16,479] Trial 95 finished with value: 0.006067143890491182 and parameters: {'lr': 0.003100717773129175, 'weight_decay': 1.277352727985182e-06, 'dropout_rate': 0.1357539627363734, 'batch_size': 256}. Best is trial 94 with value: 0.004478879215401372.
[I 2026-08-10 19:59:45,427] Trial 96 finished with value: 0.005076549049693926 and parameters: {'lr': 0.0031170899045256297, 'weight_decay': 1.0557790981937136e-06, 'dropout_rate': 0.08363516717883686, 'batch_size': 256}. Best is trial 94 with value: 0.004478879215401372.
[I 2026-08-10 20:02:14,282] Trial 97 finished with value: 0.004865926579162601 and parameters: {'lr': 0.004105904559330941, 'weight_decay': 1.0468475811228013e-06, 'dropout_rate': 0.12969263626664987, 'batch_size': 256}. Best is trial 94 with value: 0.004478879215401372.
[I 2026-08-10 20:04:43,055] Trial 98 finished with value: 0.005163095677440259 and parameters: {'lr': 0.003955291924901774, 'weight_decay': 1.0077093292762864e-06, 'dropout_rate': 0.08189135179603253, 'batch_size': 256}. Best is trial 94 with value: 0.004478879215401372.
