[I 2026-08-10 20:50:45,227] Trial 0 finished with value: 0.015608597135905906 and parameters: {'lr': 0.0001025350969016849, 'weight_decay': 0.006351221010640699, 'dropout_rate': 0.3793972738151323, 'batch_size': 64}. Best is trial 0 with value: 0.015608597135905906.
[I 2026-08-10 20:58:36,459] Trial 1 finished with value: 0.008891927574602604 and parameters: {'lr': 0.002176624112345368, 'weight_decay': 0.00025378155082656634, 'dropout_rate': 0.3686326600082205, 'batch_size': 128}. Best is trial 1 with value: 0.008891927574602604.
[I 2026-08-10 21:00:49,897] Trial 2 finished with value: 0.08471989384157173 and parameters: {'lr': 3.095566460242367e-05, 'weight_decay': 5.415244119402541e-06, 'dropout_rate': 0.18690900933179197, 'batch_size': 512}. Best is trial 1 with value: 0.008891927574602604.
[I 2026-08-10 21:08:38,458] Trial 3 finished with value: 0.08766968746757667 and parameters: {'lr': 2.3795221163877236e-05, 'weight_decay': 1.4742753159914688e-05, 'dropout_rate': 0.21486282948216126, 'batch_size': 128}. Best is trial 1 with value: 0.008891927574602604.
[I 2026-08-10 21:10:50,696] Trial 4 finished with value: 0.014071609744404757 and parameters: {'lr': 0.00039710847107924746, 'weight_decay': 1.5339162591163623e-06, 'dropout_rate': 0.32339518335564726, 'batch_size': 512}. Best is trial 1 with value: 0.008891927574602604.
[I 2026-08-10 21:26:05,314] Trial 5 finished with value: 0.01617218177831159 and parameters: {'lr': 0.0015199881220083974, 'weight_decay': 1.6536937182824424e-05, 'dropout_rate': 0.09395245130287275, 'batch_size': 64}. Best is trial 1 with value: 0.008891927574602604.
[I 2026-08-10 21:28:31,847] Trial 6 pruned. 
[I 2026-08-10 21:30:58,055] Trial 7 pruned. 
[I 2026-08-10 21:31:19,181] Trial 8 pruned. 
[I 2026-08-10 21:31:40,615] Trial 9 pruned. 
[I 2026-08-10 21:39:29,475] Trial 10 finished with value: 0.010409626733368772 and parameters: {'lr': 0.004140875942657801, 'weight_decay': 0.0003594644649447466, 'dropout_rate': 0.4862916998545396, 'batch_size': 128}. Best is trial 1 with value: 0.008891927574602604.
[I 2026-08-10 21:47:18,673] Trial 11 finished with value: 0.008416853496546682 and parameters: {'lr': 0.004596484853975605, 'weight_decay': 0.00029686068058218374, 'dropout_rate': 0.4939567430895256, 'batch_size': 128}. Best is trial 11 with value: 0.008416853496546682.
[I 2026-08-10 21:55:09,560] Trial 12 finished with value: 0.01954406477105115 and parameters: {'lr': 0.004286367597455442, 'weight_decay': 0.00018678344058775705, 'dropout_rate': 0.49792370549591447, 'batch_size': 128}. Best is trial 11 with value: 0.008416853496546682.
[I 2026-08-10 21:55:53,964] Trial 13 pruned. 
[I 2026-08-10 22:03:43,024] Trial 14 finished with value: 0.0068834415465667 and parameters: {'lr': 0.0017234271442560182, 'weight_decay': 0.0010207433587096813, 'dropout_rate': 0.3125267308705596, 'batch_size': 128}. Best is trial 14 with value: 0.0068834415465667.
[I 2026-08-10 22:05:07,561] Trial 15 pruned. 
[I 2026-08-10 22:05:46,869] Trial 16 pruned. 
[I 2026-08-10 22:13:36,335] Trial 17 finished with value: 0.010833858679028044 and parameters: {'lr': 0.002385959175569181, 'weight_decay': 6.701521675295788e-05, 'dropout_rate': 0.24655730513392335, 'batch_size': 128}. Best is trial 14 with value: 0.0068834415465667.
[I 2026-08-10 22:15:00,848] Trial 18 pruned. 
[I 2026-08-10 22:16:16,157] Trial 19 pruned. 
[I 2026-08-10 22:20:21,346] Trial 20 finished with value: 0.008795710688841744 and parameters: {'lr': 0.0049694847310060705, 'weight_decay': 6.729931404776501e-05, 'dropout_rate': 0.4551477203239141, 'batch_size': 256}. Best is trial 14 with value: 0.0068834415465667.
[I 2026-08-10 22:24:26,658] Trial 21 finished with value: 0.008629935677242925 and parameters: {'lr': 0.002865448529559627, 'weight_decay': 9.755773457017867e-05, 'dropout_rate': 0.45073371722279143, 'batch_size': 256}. Best is trial 14 with value: 0.0068834415465667.
[I 2026-08-10 22:25:10,825] Trial 22 pruned. 
[I 2026-08-10 22:29:16,192] Trial 23 finished with value: 0.006388601040923814 and parameters: {'lr': 0.002577098453834228, 'weight_decay': 0.002944411251939321, 'dropout_rate': 0.43609048273199674, 'batch_size': 256}. Best is trial 23 with value: 0.006388601040923814.
[I 2026-08-10 22:29:55,370] Trial 24 pruned. 
[I 2026-08-10 22:37:46,011] Trial 25 finished with value: 0.00854250558096132 and parameters: {'lr': 0.0015825296363922653, 'weight_decay': 0.0032081200092859974, 'dropout_rate': 0.40088152764475266, 'batch_size': 128}. Best is trial 23 with value: 0.006388601040923814.
[I 2026-08-10 22:39:01,148] Trial 26 pruned. 
[I 2026-08-10 22:39:40,501] Trial 27 pruned. 
[I 2026-08-10 22:47:30,834] Trial 28 finished with value: 0.011891230601366388 and parameters: {'lr': 0.0031515662259647362, 'weight_decay': 0.002864772798342851, 'dropout_rate': 0.2977562506101438, 'batch_size': 128}. Best is trial 23 with value: 0.006388601040923814.
[I 2026-08-10 22:49:57,741] Trial 29 pruned. 
[I 2026-08-10 22:54:02,897] Trial 30 finished with value: 0.012414502351972327 and parameters: {'lr': 0.0018308772431131358, 'weight_decay': 0.00040653677421171306, 'dropout_rate': 0.45423422006851266, 'batch_size': 256}. Best is trial 23 with value: 0.006388601040923814.
[I 2026-08-10 23:01:55,696] Trial 31 finished with value: 0.0073608486112981975 and parameters: {'lr': 0.0013643326293687366, 'weight_decay': 0.0037497462643856848, 'dropout_rate': 0.39785552434842264, 'batch_size': 128}. Best is trial 23 with value: 0.006388601040923814.
[I 2026-08-10 23:09:46,285] Trial 32 finished with value: 0.012677034283064846 and parameters: {'lr': 0.0031520186982388213, 'weight_decay': 0.004643747146808056, 'dropout_rate': 0.39713289223134224, 'batch_size': 128}. Best is trial 23 with value: 0.006388601040923814.
[I 2026-08-10 23:17:37,108] Trial 33 finished with value: 0.009507454428058584 and parameters: {'lr': 0.001129212838796639, 'weight_decay': 0.0014980033173426584, 'dropout_rate': 0.3543780151986954, 'batch_size': 128}. Best is trial 23 with value: 0.006388601040923814.
[I 2026-08-10 23:19:01,957] Trial 34 pruned. 
[I 2026-08-10 23:26:52,460] Trial 35 finished with value: 0.01131416620471351 and parameters: {'lr': 0.003668504411025853, 'weight_decay': 0.001831669610013792, 'dropout_rate': 0.44276672777822257, 'batch_size': 128}. Best is trial 23 with value: 0.006388601040923814.
[I 2026-08-10 23:27:13,822] Trial 36 pruned. 
[I 2026-08-10 23:35:05,081] Trial 37 finished with value: 0.010608421313907455 and parameters: {'lr': 0.0011217784263527983, 'weight_decay': 0.0009422000880678175, 'dropout_rate': 0.2563574420084484, 'batch_size': 128}. Best is trial 23 with value: 0.006388601040923814.
[I 2026-08-10 23:37:32,674] Trial 38 pruned. 
[I 2026-08-10 23:45:25,459] Trial 39 finished with value: 0.00861335292517947 and parameters: {'lr': 0.0025479094532975923, 'weight_decay': 0.0004197354446994398, 'dropout_rate': 0.4032148639528959, 'batch_size': 128}. Best is trial 23 with value: 0.006388601040923814.
[I 2026-08-10 23:47:38,642] Trial 40 finished with value: 0.007458365627310914 and parameters: {'lr': 0.0049780943113524045, 'weight_decay': 0.002926433756160546, 'dropout_rate': 0.20360847108852925, 'batch_size': 512}. Best is trial 23 with value: 0.006388601040923814.
[I 2026-08-10 23:49:52,418] Trial 41 finished with value: 0.00477527029280921 and parameters: {'lr': 0.004783396261822634, 'weight_decay': 0.002960724081283009, 'dropout_rate': 0.221899825305792, 'batch_size': 512}. Best is trial 41 with value: 0.00477527029280921.
[I 2026-08-10 23:52:05,975] Trial 42 finished with value: 0.005326401029931704 and parameters: {'lr': 0.0032918680922158564, 'weight_decay': 0.002724855345341199, 'dropout_rate': 0.21434891738399714, 'batch_size': 512}. Best is trial 41 with value: 0.00477527029280921.
[I 2026-08-10 23:54:19,530] Trial 43 finished with value: 0.004444027008241047 and parameters: {'lr': 0.0014011648920110359, 'weight_decay': 0.005994012042360005, 'dropout_rate': 0.16855459166942055, 'batch_size': 512}. Best is trial 43 with value: 0.004444027008241047.
[I 2026-08-10 23:56:34,924] Trial 44 finished with value: 0.004930979466772928 and parameters: {'lr': 0.003428967630525272, 'weight_decay': 0.006257153759270132, 'dropout_rate': 0.16390690045166267, 'batch_size': 512}. Best is trial 43 with value: 0.004444027008241047.
[I 2026-08-10 23:58:48,795] Trial 45 finished with value: 0.004382955590286751 and parameters: {'lr': 0.0030761309213494345, 'weight_decay': 0.0056421507436272495, 'dropout_rate': 0.14967794040937588, 'batch_size': 512}. Best is trial 45 with value: 0.004382955590286751.
[I 2026-08-11 00:01:03,822] Trial 46 finished with value: 0.00486684610425795 and parameters: {'lr': 0.0034566503065058623, 'weight_decay': 0.0059175940990253495, 'dropout_rate': 0.15310857276695752, 'batch_size': 512}. Best is trial 45 with value: 0.004382955590286751.
[I 2026-08-11 00:03:17,760] Trial 47 finished with value: 0.0062109958904231965 and parameters: {'lr': 0.003822583559884729, 'weight_decay': 0.005935004885952141, 'dropout_rate': 0.15804909576649517, 'batch_size': 512}. Best is trial 45 with value: 0.004382955590286751.
[I 2026-08-11 00:03:39,133] Trial 48 pruned. 
[I 2026-08-11 00:04:00,562] Trial 49 pruned. 
[I 2026-08-11 00:06:13,864] Trial 50 finished with value: 0.0028187067889814768 and parameters: {'lr': 0.003680610668451913, 'weight_decay': 0.006725614160229408, 'dropout_rate': 0.06303901132025293, 'batch_size': 512}. Best is trial 50 with value: 0.0028187067889814768.
[I 2026-08-11 00:08:27,745] Trial 51 finished with value: 0.0026884178309202512 and parameters: {'lr': 0.004087619969278517, 'weight_decay': 0.005154571056256761, 'dropout_rate': 0.054864862094957396, 'batch_size': 512}. Best is trial 51 with value: 0.0026884178309202512.
[I 2026-08-11 00:10:41,389] Trial 52 finished with value: 0.0034138813025725696 and parameters: {'lr': 0.0041161405043192234, 'weight_decay': 0.00490605287579492, 'dropout_rate': 0.07123456932883591, 'batch_size': 512}. Best is trial 51 with value: 0.0026884178309202512.
[I 2026-08-11 00:12:54,751] Trial 53 finished with value: 0.004261927477287412 and parameters: {'lr': 0.004256213358503067, 'weight_decay': 1.627971322865163e-06, 'dropout_rate': 0.06091923481253636, 'batch_size': 512}. Best is trial 51 with value: 0.0026884178309202512.
[I 2026-08-11 00:15:08,389] Trial 54 finished with value: 0.0029476685897104186 and parameters: {'lr': 0.001970211861217133, 'weight_decay': 1.2770814288673283e-06, 'dropout_rate': 0.0546567975360934, 'batch_size': 512}. Best is trial 51 with value: 0.0026884178309202512.
[I 2026-08-11 00:17:22,024] Trial 55 finished with value: 0.004337494422241013 and parameters: {'lr': 0.00210257647929061, 'weight_decay': 1.348074873581979e-06, 'dropout_rate': 0.05148182468942394, 'batch_size': 512}. Best is trial 51 with value: 0.0026884178309202512.
[I 2026-08-11 00:19:35,586] Trial 56 finished with value: 0.004747188864545661 and parameters: {'lr': 0.0020149437081697914, 'weight_decay': 1.0676986316032318e-06, 'dropout_rate': 0.05045582646269405, 'batch_size': 512}. Best is trial 51 with value: 0.0026884178309202512.
[I 2026-08-11 00:21:49,012] Trial 57 finished with value: 0.003951812745672735 and parameters: {'lr': 0.002341142496316302, 'weight_decay': 2.876720631338852e-06, 'dropout_rate': 0.08415074950742087, 'batch_size': 512}. Best is trial 51 with value: 0.0026884178309202512.
[I 2026-08-11 00:24:02,500] Trial 58 finished with value: 0.003597363398362838 and parameters: {'lr': 0.0038900205893834645, 'weight_decay': 2.6568113927055737e-06, 'dropout_rate': 0.08951705013330873, 'batch_size': 512}. Best is trial 51 with value: 0.0026884178309202512.
[I 2026-08-11 00:26:16,184] Trial 59 finished with value: 0.004492617824489461 and parameters: {'lr': 0.0025403556362666494, 'weight_decay': 3.282017906863957e-06, 'dropout_rate': 0.08447537779990187, 'batch_size': 512}. Best is trial 51 with value: 0.0026884178309202512.
[I 2026-08-11 00:28:29,880] Trial 60 finished with value: 0.003775968814541683 and parameters: {'lr': 0.0038713718113972955, 'weight_decay': 9.007456853728305e-06, 'dropout_rate': 0.10341198495928167, 'batch_size': 512}. Best is trial 51 with value: 0.0026884178309202512.
[I 2026-08-11 00:30:43,438] Trial 61 finished with value: 0.0037697549255261724 and parameters: {'lr': 0.00403120312637587, 'weight_decay': 2.744341694216245e-06, 'dropout_rate': 0.10316657062585402, 'batch_size': 512}. Best is trial 51 with value: 0.0026884178309202512.
[I 2026-08-11 00:32:57,083] Trial 62 finished with value: 0.0034867859585097764 and parameters: {'lr': 0.0038596563565093506, 'weight_decay': 1.0614635110320877e-05, 'dropout_rate': 0.11051186313959771, 'batch_size': 512}. Best is trial 51 with value: 0.0026884178309202512.
[I 2026-08-11 00:35:10,645] Trial 63 finished with value: 0.002962770860323473 and parameters: {'lr': 0.0028856039393027654, 'weight_decay': 3.331415183652038e-05, 'dropout_rate': 0.12394337114786436, 'batch_size': 512}. Best is trial 51 with value: 0.0026884178309202512.
[I 2026-08-11 00:37:23,786] Trial 64 finished with value: 0.003504758110262492 and parameters: {'lr': 0.0028402116795433817, 'weight_decay': 2.259119704719789e-05, 'dropout_rate': 0.1263066512246259, 'batch_size': 512}. Best is trial 51 with value: 0.0026884178309202512.
[I 2026-08-11 00:39:37,171] Trial 65 finished with value: 0.004455272003735898 and parameters: {'lr': 0.002850654383100934, 'weight_decay': 3.0382376142305462e-05, 'dropout_rate': 0.11819540669074927, 'batch_size': 512}. Best is trial 51 with value: 0.0026884178309202512.
[I 2026-08-11 00:41:50,662] Trial 66 finished with value: 0.003320610856758153 and parameters: {'lr': 0.0015731809602782766, 'weight_decay': 2.298891193284688e-05, 'dropout_rate': 0.07140830952425092, 'batch_size': 512}. Best is trial 51 with value: 0.0026884178309202512.
[I 2026-08-11 00:46:54,963] Trial 67 pruned. 
[I 2026-08-11 00:47:19,207] Trial 68 pruned. 
[I 2026-08-11 00:49:32,535] Trial 69 finished with value: 0.003130888828955281 and parameters: {'lr': 0.0016025961129123875, 'weight_decay': 8.493637417060523e-06, 'dropout_rate': 0.1377079045734823, 'batch_size': 512}. Best is trial 51 with value: 0.0026884178309202512.
[I 2026-08-11 00:49:53,793] Trial 70 pruned. 
[I 2026-08-11 00:50:15,319] Trial 71 pruned. 
[I 2026-08-11 00:52:28,494] Trial 72 finished with value: 0.0036976327371184155 and parameters: {'lr': 0.0017290347546508582, 'weight_decay': 1.6954879670430937e-05, 'dropout_rate': 0.10167373885500733, 'batch_size': 512}. Best is trial 51 with value: 0.0026884178309202512.
[I 2026-08-11 00:54:42,109] Trial 73 finished with value: 0.0050724267145766 and parameters: {'lr': 0.0022735081202247234, 'weight_decay': 4.04318531659194e-05, 'dropout_rate': 0.1375601116941449, 'batch_size': 512}. Best is trial 51 with value: 0.0026884178309202512.
[I 2026-08-11 00:56:55,679] Trial 74 finished with value: 0.0033814069662654964 and parameters: {'lr': 0.0012609781739668189, 'weight_decay': 1.0425090540891312e-05, 'dropout_rate': 0.06170440287799445, 'batch_size': 512}. Best is trial 51 with value: 0.0026884178309202512.
[I 2026-08-11 00:59:10,977] Trial 75 finished with value: 0.0031951785911084694 and parameters: {'lr': 0.0012797000610175926, 'weight_decay': 4.008202364059529e-06, 'dropout_rate': 0.060961254688946316, 'batch_size': 512}. Best is trial 51 with value: 0.0026884178309202512.
[I 2026-08-11 01:00:01,637] Trial 76 pruned. 
[I 2026-08-11 01:02:38,390] Trial 77 pruned. 
[I 2026-08-11 01:04:51,752] Trial 78 finished with value: 0.00313683926535634 and parameters: {'lr': 0.001307344219181942, 'weight_decay': 6.258149283903252e-06, 'dropout_rate': 0.06276701735795492, 'batch_size': 512}. Best is trial 51 with value: 0.0026884178309202512.
[I 2026-08-11 01:05:13,258] Trial 79 pruned. 
[I 2026-08-11 01:07:26,555] Trial 80 finished with value: 0.0036989021013985788 and parameters: {'lr': 0.0014345049906343396, 'weight_decay': 2.0858992497925167e-05, 'dropout_rate': 0.0801985215366694, 'batch_size': 512}. Best is trial 51 with value: 0.0026884178309202512.
[I 2026-08-11 01:07:55,943] Trial 81 pruned. 
[I 2026-08-11 01:10:09,389] Trial 82 finished with value: 0.003354530208240026 and parameters: {'lr': 0.0016473831819705342, 'weight_decay': 6.175473774524241e-06, 'dropout_rate': 0.06347329355204279, 'batch_size': 512}. Best is trial 51 with value: 0.0026884178309202512.
[I 2026-08-11 01:12:22,862] Trial 83 finished with value: 0.002860728835299989 and parameters: {'lr': 0.0015875790369781018, 'weight_decay': 5.380566126207668e-06, 'dropout_rate': 0.09356475174321496, 'batch_size': 512}. Best is trial 51 with value: 0.0026884178309202512.
[I 2026-08-11 01:14:36,234] Trial 84 finished with value: 0.0029904653540677104 and parameters: {'lr': 0.0019205930187086106, 'weight_decay': 2.1110149571158548e-06, 'dropout_rate': 0.12145202743827638, 'batch_size': 512}. Best is trial 51 with value: 0.0026884178309202512.
[I 2026-08-11 01:15:08,306] Trial 85 pruned. 
[I 2026-08-11 01:17:21,749] Trial 86 finished with value: 0.0037879827839856816 and parameters: {'lr': 0.001943901277715361, 'weight_decay': 1.2508192637970869e-06, 'dropout_rate': 0.18350524892708567, 'batch_size': 512}. Best is trial 51 with value: 0.0026884178309202512.
[I 2026-08-11 01:19:35,016] Trial 87 finished with value: 0.006969382724772368 and parameters: {'lr': 0.0012473620538527748, 'weight_decay': 3.556043427957045e-06, 'dropout_rate': 0.14614721949563492, 'batch_size': 512}. Best is trial 51 with value: 0.0026884178309202512.
[I 2026-08-11 01:21:48,424] Trial 88 finished with value: 0.004210344293145337 and parameters: {'lr': 0.002691936349774545, 'weight_decay': 2.0089356492184413e-06, 'dropout_rate': 0.11935324157512525, 'batch_size': 512}. Best is trial 51 with value: 0.0026884178309202512.
[I 2026-08-11 01:24:16,387] Trial 89 pruned. 
[I 2026-08-11 01:28:22,543] Trial 90 finished with value: 0.005398882917985357 and parameters: {'lr': 0.002183929001106008, 'weight_decay': 4.9221170540899745e-06, 'dropout_rate': 0.10785109650357914, 'batch_size': 256}. Best is trial 51 with value: 0.0026884178309202512.
[I 2026-08-11 01:30:36,503] Trial 91 finished with value: 0.0029885561169052 and parameters: {'lr': 0.001453367062096512, 'weight_decay': 5.13229597163151e-05, 'dropout_rate': 0.08185005876278384, 'batch_size': 512}. Best is trial 51 with value: 0.0026884178309202512.
[I 2026-08-11 01:30:58,033] Trial 92 pruned. 
[I 2026-08-11 01:33:11,480] Trial 93 finished with value: 0.0029653004400423074 and parameters: {'lr': 0.0013812110569052219, 'weight_decay': 1.5561441053448161e-06, 'dropout_rate': 0.05153283883804674, 'batch_size': 512}. Best is trial 51 with value: 0.0026884178309202512.
[I 2026-08-11 01:35:24,829] Trial 94 finished with value: 0.0027990461585792846 and parameters: {'lr': 0.0014975694317329305, 'weight_decay': 8.803293628427013e-05, 'dropout_rate': 0.0941443142786527, 'batch_size': 512}. Best is trial 51 with value: 0.0026884178309202512.
[I 2026-08-11 01:37:38,286] Trial 95 finished with value: 0.0028322013428422337 and parameters: {'lr': 0.0018033383807745617, 'weight_decay': 9.150707849259304e-05, 'dropout_rate': 0.1269986344944476, 'batch_size': 512}. Best is trial 51 with value: 0.0026884178309202512.
[I 2026-08-11 01:39:51,505] Trial 96 finished with value: 0.004913572476395501 and parameters: {'lr': 0.001970339346092976, 'weight_decay': 0.00011286830194125782, 'dropout_rate': 0.09213920580156824, 'batch_size': 512}. Best is trial 51 with value: 0.0026884178309202512.
[I 2026-08-11 01:42:04,888] Trial 97 finished with value: 0.004381270595932005 and parameters: {'lr': 0.003165064237631388, 'weight_decay': 0.00021545206477354415, 'dropout_rate': 0.12379103381270752, 'batch_size': 512}. Best is trial 51 with value: 0.0026884178309202512.
[I 2026-08-11 01:44:18,582] Trial 98 finished with value: 0.0029568958393936403 and parameters: {'lr': 0.002409169359351871, 'weight_decay': 5.842948969471233e-05, 'dropout_rate': 0.051137250357528655, 'batch_size': 512}. Best is trial 51 with value: 0.0026884178309202512.
