[I 2026-08-11 12:02:40,813] Trial 46 pruned. 

Best Trial Validation MSE: 0.00306

==================================================
🚀 HYPERPARAMETERS TUNED & AUTOMATICALLY LINKED!
==================================================
BATCH_SIZE = 128
LEARNING_RATE = 0.0004081700050591622
WEIGHT_DECAY = 0.0003322200733750523
HIDDEN_DIM = 512
NUM_BLOCKS = 8
DROPOUT_RATE = 0.3627522081472127
--------------------------------------------------
Saved config automatically to:
  - /Users/luca/Shared/Universita/Tesi/Code/NN-KPI-Predictor/models/deep_network/output/synthetic/best_params.json
  - /Users/luca/Shared/Universita/Tesi/Code/NN-KPI-Predictor/models/deep_network/best_params.json

Or run with environment variables:
export BATCH_SIZE=128 LEARNING_RATE=0.0004081700050591622 WEIGHT_DECAY=0.0003322200733750523 HIDDEN_DIM=512 NUM_BLOCKS=8 DROPOUT_RATE=0.3627522081472127
==================================================


[10/12] Training Hypertuned Deep Network (synthetic)...
Hyperparameters loaded for source 'synthetic': BATCH_SIZE=128, LEARNING_RATE=0.0004081700050591622, WEIGHT_DECAY=0.0003322200733750523, HIDDEN_DIM=512, NUM_BLOCKS=8, DROPOUT_RATE=0.3627522081472127
Loading dataset from source: synthetic
Dropped 1440 unconverged rows (48558 remain).
Features: 20 | Targets: 3
--> Training on 38846 samples.
--> Testing on 9712 consistent samples.
Epoch [1/10000] | Train Loss: 0.2888 | Test Loss: 0.1302
   ↳ MedAE -> Cost: $6264.53 | Cycle Time: 1170.4s | Wait Time: 593.5s
Epoch [5/10000] | Train Loss: 0.0744 | Test Loss: 0.0524
   ↳ MedAE -> Cost: $2703.23 | Cycle Time: 629.6s | Wait Time: 591.2s
Epoch [10/10000] | Train Loss: 0.0528 | Test Loss: 0.0262
   ↳ MedAE -> Cost: $2271.85 | Cycle Time: 511.9s | Wait Time: 322.7s
Epoch [15/10000] | Train Loss: 0.0386 | Test Loss: 0.0242
   ↳ MedAE -> Cost: $2227.39 | Cycle Time: 431.0s | Wait Time: 337.1s
Epoch [20/10000] | Train Loss: 0.0165 | Test Loss: 0.0159
   ↳ MedAE -> Cost: $2020.30 | Cycle Time: 343.4s | Wait Time: 255.5s
Epoch [25/10000] | Train Loss: 0.0186 | Test Loss: 0.0116
   ↳ MedAE -> Cost: $2179.50 | Cycle Time: 258.0s | Wait Time: 215.7s
Epoch [30/10000] | Train Loss: 0.0414 | Test Loss: 0.0283
   ↳ MedAE -> Cost: $1969.56 | Cycle Time: 473.9s | Wait Time: 500.9s
Epoch [35/10000] | Train Loss: 0.0321 | Test Loss: 0.0196
   ↳ MedAE -> Cost: $1937.50 | Cycle Time: 411.5s | Wait Time: 329.2s
Epoch [40/10000] | Train Loss: 0.0126 | Test Loss: 0.0090
   ↳ MedAE -> Cost: $1791.86 | Cycle Time: 242.3s | Wait Time: 209.2s
Epoch [45/10000] | Train Loss: 0.0213 | Test Loss: 0.0152
   ↳ MedAE -> Cost: $2017.82 | Cycle Time: 387.0s | Wait Time: 271.2s
Epoch [50/10000] | Train Loss: 0.0076 | Test Loss: 0.0056
   ↳ MedAE -> Cost: $1702.25 | Cycle Time: 271.0s | Wait Time: 203.1s
Epoch [55/10000] | Train Loss: 0.0065 | Test Loss: 0.0056
   ↳ MedAE -> Cost: $1685.77 | Cycle Time: 202.2s | Wait Time: 181.0s
Epoch [60/10000] | Train Loss: 0.0119 | Test Loss: 0.0064
   ↳ MedAE -> Cost: $1710.78 | Cycle Time: 223.4s | Wait Time: 199.4s
Epoch [65/10000] | Train Loss: 0.0058 | Test Loss: 0.0053
   ↳ MedAE -> Cost: $1750.46 | Cycle Time: 198.3s | Wait Time: 181.2s
Epoch [70/10000] | Train Loss: 0.0171 | Test Loss: 0.0268
   ↳ MedAE -> Cost: $2305.91 | Cycle Time: 376.1s | Wait Time: 271.8s
Epoch [75/10000] | Train Loss: 0.0056 | Test Loss: 0.0044
   ↳ MedAE -> Cost: $1686.12 | Cycle Time: 184.5s | Wait Time: 183.5s
Epoch [80/10000] | Train Loss: 0.0052 | Test Loss: 0.0050
   ↳ MedAE -> Cost: $1918.22 | Cycle Time: 205.6s | Wait Time: 179.4s
Epoch [85/10000] | Train Loss: 0.0045 | Test Loss: 0.0037
   ↳ MedAE -> Cost: $1641.18 | Cycle Time: 181.1s | Wait Time: 160.4s
Epoch [90/10000] | Train Loss: 0.0045 | Test Loss: 0.0043
   ↳ MedAE -> Cost: $1668.79 | Cycle Time: 194.2s | Wait Time: 180.3s
Epoch [95/10000] | Train Loss: 0.0061 | Test Loss: 0.0045
   ↳ MedAE -> Cost: $1644.28 | Cycle Time: 174.3s | Wait Time: 167.7s
Epoch [100/10000] | Train Loss: 0.0041 | Test Loss: 0.0038
   ↳ MedAE -> Cost: $1646.86 | Cycle Time: 168.2s | Wait Time: 157.2s
Epoch [105/10000] | Train Loss: 0.0038 | Test Loss: 0.0038
   ↳ MedAE -> Cost: $1670.12 | Cycle Time: 168.3s | Wait Time: 159.3s
Epoch [110/10000] | Train Loss: 0.0038 | Test Loss: 0.0037
   ↳ MedAE -> Cost: $1669.69 | Cycle Time: 183.5s | Wait Time: 164.5s
Epoch [115/10000] | Train Loss: 0.0035 | Test Loss: 0.0038
   ↳ MedAE -> Cost: $1660.61 | Cycle Time: 164.7s | Wait Time: 161.6s
Epoch [120/10000] | Train Loss: 0.0035 | Test Loss: 0.0040
   ↳ MedAE -> Cost: $1638.17 | Cycle Time: 168.8s | Wait Time: 151.5s
Epoch [125/10000] | Train Loss: 0.0033 | Test Loss: 0.0035
   ↳ MedAE -> Cost: $1633.88 | Cycle Time: 156.7s | Wait Time: 155.5s
Epoch [130/10000] | Train Loss: 0.0033 | Test Loss: 0.0035
   ↳ MedAE -> Cost: $1640.73 | Cycle Time: 160.3s | Wait Time: 147.1s
Epoch [135/10000] | Train Loss: 0.0072 | Test Loss: 0.0121
   ↳ MedAE -> Cost: $1749.99 | Cycle Time: 258.4s | Wait Time: 200.9s
Epoch [140/10000] | Train Loss: 0.0031 | Test Loss: 0.0034
   ↳ MedAE -> Cost: $1632.24 | Cycle Time: 156.8s | Wait Time: 148.6s
Epoch [145/10000] | Train Loss: 0.0030 | Test Loss: 0.0036
   ↳ MedAE -> Cost: $1716.48 | Cycle Time: 159.2s | Wait Time: 154.4s
Epoch [150/10000] | Train Loss: 0.0029 | Test Loss: 0.0034
   ↳ MedAE -> Cost: $1664.87 | Cycle Time: 161.6s | Wait Time: 152.6s
Epoch [155/10000] | Train Loss: 0.0029 | Test Loss: 0.0034
   ↳ MedAE -> Cost: $1654.30 | Cycle Time: 167.8s | Wait Time: 149.2s
Epoch [160/10000] | Train Loss: 0.0029 | Test Loss: 0.0034
   ↳ MedAE -> Cost: $1665.09 | Cycle Time: 152.5s | Wait Time: 149.3s
Epoch [165/10000] | Train Loss: 0.0029 | Test Loss: 0.0035
   ↳ MedAE -> Cost: $1656.90 | Cycle Time: 162.3s | Wait Time: 153.7s
Epoch [170/10000] | Train Loss: 0.0029 | Test Loss: 0.0034
   ↳ MedAE -> Cost: $1650.57 | Cycle Time: 152.1s | Wait Time: 144.0s
Epoch [175/10000] | Train Loss: 0.0154 | Test Loss: 0.0115
   ↳ MedAE -> Cost: $1720.27 | Cycle Time: 215.2s | Wait Time: 288.4s
Epoch [180/10000] | Train Loss: 0.0028 | Test Loss: 0.0032
   ↳ MedAE -> Cost: $1631.83 | Cycle Time: 152.4s | Wait Time: 144.6s
Epoch [185/10000] | Train Loss: 0.0026 | Test Loss: 0.0032
   ↳ MedAE -> Cost: $1628.75 | Cycle Time: 153.8s | Wait Time: 149.4s
Epoch [190/10000] | Train Loss: 0.0026 | Test Loss: 0.0035
   ↳ MedAE -> Cost: $1740.45 | Cycle Time: 182.1s | Wait Time: 149.3s
Epoch [195/10000] | Train Loss: 0.0027 | Test Loss: 0.0034
   ↳ MedAE -> Cost: $1666.93 | Cycle Time: 150.3s | Wait Time: 143.7s
Epoch [200/10000] | Train Loss: 0.0027 | Test Loss: 0.0035
   ↳ MedAE -> Cost: $1661.30 | Cycle Time: 160.5s | Wait Time: 160.5s
Epoch [205/10000] | Train Loss: 0.0026 | Test Loss: 0.0034
   ↳ MedAE -> Cost: $1644.86 | Cycle Time: 157.6s | Wait Time: 162.4s
Epoch [210/10000] | Train Loss: 0.0026 | Test Loss: 0.0032
   ↳ MedAE -> Cost: $1657.62 | Cycle Time: 146.7s | Wait Time: 140.5s
Epoch [215/10000] | Train Loss: 0.0026 | Test Loss: 0.0035
   ↳ MedAE -> Cost: $1649.18 | Cycle Time: 166.5s | Wait Time: 145.0s
Epoch [220/10000] | Train Loss: 0.0025 | Test Loss: 0.0035
   ↳ MedAE -> Cost: $1648.32 | Cycle Time: 151.5s | Wait Time: 144.5s
Epoch [225/10000] | Train Loss: 0.0035 | Test Loss: 0.0037
   ↳ MedAE -> Cost: $1662.45 | Cycle Time: 164.9s | Wait Time: 156.0s
Epoch [230/10000] | Train Loss: 0.0024 | Test Loss: 0.0036
   ↳ MedAE -> Cost: $1697.15 | Cycle Time: 149.7s | Wait Time: 145.5s
Epoch [235/10000] | Train Loss: 0.0024 | Test Loss: 0.0039
   ↳ MedAE -> Cost: $1770.12 | Cycle Time: 150.2s | Wait Time: 147.2s
Epoch [240/10000] | Train Loss: 0.0024 | Test Loss: 0.0034
   ↳ MedAE -> Cost: $1638.94 | Cycle Time: 153.4s | Wait Time: 143.8s
Epoch [245/10000] | Train Loss: 0.0024 | Test Loss: 0.0035
   ↳ MedAE -> Cost: $1757.40 | Cycle Time: 156.0s | Wait Time: 152.4s
Epoch [250/10000] | Train Loss: 0.0043 | Test Loss: 0.0035
   ↳ MedAE -> Cost: $1649.78 | Cycle Time: 156.2s | Wait Time: 150.9s
Epoch [255/10000] | Train Loss: 0.0022 | Test Loss: 0.0033
   ↳ MedAE -> Cost: $1652.94 | Cycle Time: 148.2s | Wait Time: 141.3s
Epoch [260/10000] | Train Loss: 0.0022 | Test Loss: 0.0034
   ↳ MedAE -> Cost: $1648.01 | Cycle Time: 148.1s | Wait Time: 142.0s
Epoch [265/10000] | Train Loss: 0.0022 | Test Loss: 0.0035
   ↳ MedAE -> Cost: $1653.30 | Cycle Time: 148.2s | Wait Time: 142.7s
Epoch [270/10000] | Train Loss: 0.0022 | Test Loss: 0.0035
   ↳ MedAE -> Cost: $1691.06 | Cycle Time: 149.0s | Wait Time: 141.8s
Epoch [275/10000] | Train Loss: 0.0022 | Test Loss: 0.0035
   ↳ MedAE -> Cost: $1666.16 | Cycle Time: 151.9s | Wait Time: 145.3s
Epoch [280/10000] | Train Loss: 0.0022 | Test Loss: 0.0035
   ↳ MedAE -> Cost: $1693.09 | Cycle Time: 150.3s | Wait Time: 142.0s
Epoch [285/10000] | Train Loss: 0.0021 | Test Loss: 0.0036
   ↳ MedAE -> Cost: $1666.90 | Cycle Time: 152.9s | Wait Time: 142.3s
Epoch [290/10000] | Train Loss: 0.0021 | Test Loss: 0.0038
   ↳ MedAE -> Cost: $1678.71 | Cycle Time: 150.7s | Wait Time: 145.4s
Epoch [295/10000] | Train Loss: 0.0021 | Test Loss: 0.0037
   ↳ MedAE -> Cost: $1648.01 | Cycle Time: 153.9s | Wait Time: 144.8s
Epoch [300/10000] | Train Loss: 0.0020 | Test Loss: 0.0036
   ↳ MedAE -> Cost: $1683.64 | Cycle Time: 151.5s | Wait Time: 146.4s
Epoch [305/10000] | Train Loss: 0.0019 | Test Loss: 0.0037
   ↳ MedAE -> Cost: $1659.18 | Cycle Time: 153.9s | Wait Time: 146.4s
Epoch [310/10000] | Train Loss: 0.0019 | Test Loss: 0.0038
   ↳ MedAE -> Cost: $1700.33 | Cycle Time: 153.5s | Wait Time: 146.9s
Epoch [315/10000] | Train Loss: 0.0019 | Test Loss: 0.0039
   ↳ MedAE -> Cost: $1686.34 | Cycle Time: 150.0s | Wait Time: 146.1s
Epoch [320/10000] | Train Loss: 0.0019 | Test Loss: 0.0039
   ↳ MedAE -> Cost: $1689.07 | Cycle Time: 160.9s | Wait Time: 147.1s
Epoch [325/10000] | Train Loss: 0.0018 | Test Loss: 0.0039
   ↳ MedAE -> Cost: $1687.98 | Cycle Time: 150.6s | Wait Time: 141.8s
Epoch [330/10000] | Train Loss: 0.0018 | Test Loss: 0.0039
   ↳ MedAE -> Cost: $1671.69 | Cycle Time: 153.0s | Wait Time: 143.8s
Epoch [335/10000] | Train Loss: 0.0018 | Test Loss: 0.0040
   ↳ MedAE -> Cost: $1682.88 | Cycle Time: 152.6s | Wait Time: 145.8s
Epoch [340/10000] | Train Loss: 0.0017 | Test Loss: 0.0039
   ↳ MedAE -> Cost: $1688.12 | Cycle Time: 151.0s | Wait Time: 143.0s
Epoch [345/10000] | Train Loss: 0.0017 | Test Loss: 0.0041
   ↳ MedAE -> Cost: $1693.70 | Cycle Time: 155.4s | Wait Time: 144.4s
Epoch [350/10000] | Train Loss: 0.0018 | Test Loss: 0.0039
   ↳ MedAE -> Cost: $1678.05 | Cycle Time: 149.8s | Wait Time: 144.0s
Epoch [355/10000] | Train Loss: 0.0016 | Test Loss: 0.0039
   ↳ MedAE -> Cost: $1685.80 | Cycle Time: 147.4s | Wait Time: 141.8s
Epoch [360/10000] | Train Loss: 0.0016 | Test Loss: 0.0040
   ↳ MedAE -> Cost: $1684.67 | Cycle Time: 148.9s | Wait Time: 144.0s
Epoch [365/10000] | Train Loss: 0.0016 | Test Loss: 0.0041
   ↳ MedAE -> Cost: $1694.02 | Cycle Time: 148.1s | Wait Time: 142.6s
Epoch [370/10000] | Train Loss: 0.0016 | Test Loss: 0.0041
   ↳ MedAE -> Cost: $1690.41 | Cycle Time: 149.3s | Wait Time: 145.7s
Epoch [375/10000] | Train Loss: 0.0015 | Test Loss: 0.0041
   ↳ MedAE -> Cost: $1698.13 | Cycle Time: 149.7s | Wait Time: 142.3s
Epoch [380/10000] | Train Loss: 0.0015 | Test Loss: 0.0042
   ↳ MedAE -> Cost: $1724.91 | Cycle Time: 148.9s | Wait Time: 143.5s
Epoch [385/10000] | Train Loss: 0.0022 | Test Loss: 0.0042
   ↳ MedAE -> Cost: $1680.62 | Cycle Time: 154.5s | Wait Time: 147.5s

Early stopping triggered at Epoch 385!
Training finished in 3658.51s.

Evaluating BEST model for JSON export...
Exported metrics to models/output/metrics_deep_nn.json

[11/12] Hypertuning Deep Network (BIMP)...
[I 2026-08-11 13:03:44,948] A new study created in memory with name: no-name-c6e49c62-fac1-4ce4-8887-947703bf1643
[I 2026-08-11 14:09:33,840] Trial 0 finished with value: 0.0019083598720770637 and parameters: {'lr': 0.00011844319751820405, 'weight_decay': 0.007969454818643935, 'dropout_rate': 0.3829984854528513, 'batch_size': 128, 'hidden_dim': 256, 'num_blocks': 7}. Best is trial 0 with value: 0.0019083598720770637.
[I 2026-08-11 14:17:33,579] Trial 1 finished with value: 0.008211630059582547 and parameters: {'lr': 5.242693862597316e-05, 'weight_decay': 0.008706020878304856, 'dropout_rate': 0.40811066020010545, 'batch_size': 1024, 'hidden_dim': 256, 'num_blocks': 5}. Best is trial 0 with value: 0.0019083598720770637.
[I 2026-08-11 14:31:34,640] Trial 2 finished with value: 0.0019456496300186905 and parameters: {'lr': 0.00020456102872218944, 'weight_decay': 0.00019010245319870352, 'dropout_rate': 0.27303616213380455, 'batch_size': 512, 'hidden_dim': 512, 'num_blocks': 4}. Best is trial 0 with value: 0.0019083598720770637.
[I 2026-08-11 15:04:08,926] Trial 3 finished with value: 0.0018078246652573993 and parameters: {'lr': 0.0002025418890664836, 'weight_decay': 0.00021930485556643703, 'dropout_rate': 0.2162628982463199, 'batch_size': 256, 'hidden_dim': 512, 'num_blocks': 6}. Best is trial 3 with value: 0.0018078246652573993.
[I 2026-08-11 15:55:31,072] Trial 4 finished with value: 0.0019130860017844784 and parameters: {'lr': 6.622290670049676e-05, 'weight_decay': 0.0009780337016659412, 'dropout_rate': 0.2085971302788046, 'batch_size': 128, 'hidden_dim': 512, 'num_blocks': 4}. Best is trial 3 with value: 0.0018078246652573993.
[I 2026-08-11 15:56:25,192] Trial 5 pruned. 
[I 2026-08-11 15:57:26,197] Trial 6 pruned. 
[I 2026-08-11 16:48:59,957] Trial 7 finished with value: 0.0017355067309173166 and parameters: {'lr': 0.00029594756677318233, 'weight_decay': 0.00024970737145052745, 'dropout_rate': 0.2013805292809006, 'batch_size': 128, 'hidden_dim': 512, 'num_blocks': 4}. Best is trial 7 with value: 0.0017355067309173166.
[I 2026-08-11 16:49:40,080] Trial 8 pruned. 
[I 2026-08-11 16:50:59,413] Trial 9 pruned. 
[I 2026-08-11 18:12:14,722] Trial 10 finished with value: 0.0017512725283948436 and parameters: {'lr': 0.00026069474240583197, 'weight_decay': 0.00010280029617905622, 'dropout_rate': 0.32950929112362876, 'batch_size': 128, 'hidden_dim': 512, 'num_blocks': 8}. Best is trial 7 with value: 0.0017355067309173166.
[I 2026-08-11 19:34:18,015] Trial 11 finished with value: 0.0017381991995653729 and parameters: {'lr': 0.00027367581329264593, 'weight_decay': 0.00010572021839517531, 'dropout_rate': 0.3236610753555136, 'batch_size': 128, 'hidden_dim': 512, 'num_blocks': 8}. Best is trial 7 with value: 0.0017355067309173166.
[I 2026-08-11 20:50:34,363] Trial 12 finished with value: 0.0017139676003923904 and parameters: {'lr': 0.00030222134737918247, 'weight_decay': 0.0004902006834080998, 'dropout_rate': 0.3204740824158324, 'batch_size': 128, 'hidden_dim': 512, 'num_blocks': 7}. Best is trial 12 with value: 0.0017139676003923904.
[I 2026-08-11 22:05:33,255] Trial 13 finished with value: 0.0017038723992851244 and parameters: {'lr': 0.0003809647910029814, 'weight_decay': 0.0005959206131645767, 'dropout_rate': 0.2533566051998971, 'batch_size': 128, 'hidden_dim': 512, 'num_blocks': 7}. Best is trial 13 with value: 0.0017038723992851244.
